Using pre-set license
Built from '2021.3/staging' branch; Version is '2021.3.21f1 (1b156197d683) revision 1774945'; Using compiler version '192829333'; Build Type 'Release'
OS: 'Windows 10  (10.0.19045) 64bit Professional' Language: 'en' Physical Memory: 8083 MB
BatchMode: 1, IsHumanControllingUs: 0, StartBugReporterOnCrash: 0, Is64bit: 1, IsPro: 1

COMMAND LINE ARGUMENTS:
D:\Unity\2021.3.21f1\Editor\Unity.exe
-adb2
-batchMode
-noUpm
-name
AssetImportWorker0
-projectPath
D:/Unity/Zombie-Apocalypse-3D
-logFile
Logs/AssetImportWorker0.log
-srvPort
60043
Successfully changed project path to: D:/Unity/Zombie-Apocalypse-3D
D:/Unity/Zombie-Apocalypse-3D
[UnityMemory] Configuration Parameters - Can be set up in boot.config
    "memorysetup-bucket-allocator-granularity=16"
    "memorysetup-bucket-allocator-bucket-count=8"
    "memorysetup-bucket-allocator-block-size=33554432"
    "memorysetup-bucket-allocator-block-count=8"
    "memorysetup-main-allocator-block-size=16777216"
    "memorysetup-thread-allocator-block-size=16777216"
    "memorysetup-gfx-main-allocator-block-size=16777216"
    "memorysetup-gfx-thread-allocator-block-size=16777216"
    "memorysetup-cache-allocator-block-size=4194304"
    "memorysetup-typetree-allocator-block-size=2097152"
    "memorysetup-profiler-bucket-allocator-granularity=16"
    "memorysetup-profiler-bucket-allocator-bucket-count=8"
    "memorysetup-profiler-bucket-allocator-block-size=33554432"
    "memorysetup-profiler-bucket-allocator-block-count=8"
    "memorysetup-profiler-allocator-block-size=16777216"
    "memorysetup-profiler-editor-allocator-block-size=1048576"
    "memorysetup-temp-allocator-size-main=16777216"
    "memorysetup-job-temp-allocator-block-size=2097152"
    "memorysetup-job-temp-allocator-block-size-background=1048576"
    "memorysetup-job-temp-allocator-reduction-small-platforms=262144"
    "memorysetup-temp-allocator-size-background-worker=32768"
    "memorysetup-temp-allocator-size-job-worker=262144"
    "memorysetup-temp-allocator-size-preload-manager=33554432"
    "memorysetup-temp-allocator-size-nav-mesh-worker=65536"
    "memorysetup-temp-allocator-size-audio-worker=65536"
    "memorysetup-temp-allocator-size-cloud-worker=32768"
    "memorysetup-temp-allocator-size-gi-baking-worker=262144"
    "memorysetup-temp-allocator-size-gfx=262144"
Player connection [13360] Host "[IP] 192.168.0.173 [Port] 0 [Flags] 2 [Guid] 966091946 [EditorId] 966091946 [Version] 1048832 [Id] WindowsEditor(7,Taufiq-Emon) [Debug] 1 [PackageName] WindowsEditor [ProjectName] Editor" joined multi-casting on [225.0.0.222:54997]...

Player connection [13360] Host "[IP] 192.168.0.173 [Port] 0 [Flags] 2 [Guid] 966091946 [EditorId] 966091946 [Version] 1048832 [Id] WindowsEditor(7,Taufiq-Emon) [Debug] 1 [PackageName] WindowsEditor [ProjectName] Editor" joined alternative multi-casting on [225.0.0.222:34997]...

Refreshing native plugins compatible for Editor in 122.09 ms, found 3 plugins.
Preloading 0 native plugins for Editor in 0.00 ms.
Initialize engine version: 2021.3.21f1 (1b156197d683)
[Subsystems] Discovering subsystems at path D:/Unity/2021.3.21f1/Editor/Data/Resources/UnitySubsystems
[Subsystems] Discovering subsystems at path D:/Unity/Zombie-Apocalypse-3D/Assets
GfxDevice: creating device client; threaded=0; jobified=0
Direct3D:
    Version:  Direct3D 11.0 [level 11.1]
    Renderer: AMD Radeon (TM) R7 M360 (ID=0x6900)
    Vendor:   ATI
    VRAM:     2038 MB
    Driver:   27.20.20903.8001
Initialize mono
Mono path[0] = 'D:/Unity/2021.3.21f1/Editor/Data/Managed'
Mono path[1] = 'D:/Unity/2021.3.21f1/Editor/Data/MonoBleedingEdge/lib/mono/unityjit-win32'
Mono config path = 'D:/Unity/2021.3.21f1/Editor/Data/MonoBleedingEdge/etc'
Using monoOptions --debugger-agent=transport=dt_socket,embedding=1,server=y,suspend=n,address=127.0.0.1:56532
Begin MonoManager ReloadAssembly
Registering precompiled unity dll's ...
Register platform support module: D:/Unity/2021.3.21f1/Editor/Data/PlaybackEngines/WindowsStandaloneSupport/UnityEditor.WindowsStandalone.Extensions.dll
Registered in 0.007391 seconds.
Native extension for WindowsStandalone target not found
Refreshing native plugins compatible for Editor in 166.02 ms, found 3 plugins.
Preloading 0 native plugins for Editor in 0.00 ms.
Mono: successfully reloaded assembly
- Completed reload, in  0.913 seconds
Domain Reload Profiling:
	ReloadAssembly (914ms)
		BeginReloadAssembly (161ms)
			ExecutionOrderSort (0ms)
			DisableScriptedObjects (0ms)
			BackupInstance (0ms)
			ReleaseScriptingObjects (0ms)
			CreateAndSetChildDomain (1ms)
		EndReloadAssembly (630ms)
			LoadAssemblies (160ms)
			RebuildTransferFunctionScriptingTraits (0ms)
			SetupTypeCache (140ms)
			ReleaseScriptCaches (0ms)
			RebuildScriptCaches (37ms)
			SetupLoadedEditorAssemblies (382ms)
				LogAssemblyErrors (0ms)
				InitializePlatformSupportModulesInManaged (8ms)
				SetLoadedEditorAssemblies (0ms)
				RefreshPlugins (166ms)
				BeforeProcessingInitializeOnLoad (2ms)
				ProcessInitializeOnLoadAttributes (149ms)
				ProcessInitializeOnLoadMethodAttributes (57ms)
				AfterProcessingInitializeOnLoad (0ms)
				EditorAssembliesLoaded (0ms)
			ExecutionOrderSort2 (0ms)
			AwakeInstancesAfterBackupRestoration (0ms)
Platform modules already initialized, skipping
Registering precompiled user dll's ...
Registered in 0.006033 seconds.
Begin MonoManager ReloadAssembly
Symbol file LoadedFromMemory doesn't match image D:\Unity\Zombie-Apocalypse-3D\Library\PackageCache\com.unity.visualscripting@1.8.0\Editor\VisualScripting.Core\Dependencies\YamlDotNet\Unity.VisualScripting.YamlDotNet.dll
Symbol file LoadedFromMemory doesn't match image D:\Unity\Zombie-Apocalypse-3D\Library\PackageCache\com.unity.visualscripting@1.8.0\Editor\VisualScripting.Core\Dependencies\DotNetZip\Unity.VisualScripting.IonicZip.dll
Native extension for WindowsStandalone target not found
Refreshing native plugins compatible for Editor in 0.72 ms, found 3 plugins.
Preloading 0 native plugins for Editor in 0.00 ms.
Mono: successfully reloaded assembly
- Completed reload, in  1.750 seconds
Domain Reload Profiling:
	ReloadAssembly (1752ms)
		BeginReloadAssembly (150ms)
			ExecutionOrderSort (0ms)
			DisableScriptedObjects (7ms)
			BackupInstance (0ms)
			ReleaseScriptingObjects (0ms)
			CreateAndSetChildDomain (28ms)
		EndReloadAssembly (1483ms)
			LoadAssemblies (155ms)
			RebuildTransferFunctionScriptingTraits (0ms)
			SetupTypeCache (360ms)
			ReleaseScriptCaches (1ms)
			RebuildScriptCaches (97ms)
			SetupLoadedEditorAssemblies (783ms)
				LogAssemblyErrors (0ms)
				InitializePlatformSupportModulesInManaged (8ms)
				SetLoadedEditorAssemblies (1ms)
				RefreshPlugins (1ms)
				BeforeProcessingInitializeOnLoad (120ms)
				ProcessInitializeOnLoadAttributes (601ms)
				ProcessInitializeOnLoadMethodAttributes (44ms)
				AfterProcessingInitializeOnLoad (7ms)
				EditorAssembliesLoaded (0ms)
			ExecutionOrderSort2 (0ms)
			AwakeInstancesAfterBackupRestoration (18ms)
Platform modules already initialized, skipping
========================================================================
Worker process is ready to serve import requests
Launched and connected shader compiler UnityShaderCompiler.exe after 0.11 seconds
Refreshing native plugins compatible for Editor in 0.91 ms, found 3 plugins.
Preloading 0 native plugins for Editor in 0.00 ms.
Unloading 3164 Unused Serialized files (Serialized files now loaded: 0)
Unloading 30 unused Assets / (1.0 MB). Loaded Objects now: 3641.
Memory consumption went from 135.9 MB to 134.9 MB.
Total: 3.778600 ms (FindLiveObjects: 0.315300 ms CreateObjectMapping: 0.264900 ms MarkObjects: 2.650400 ms  DeleteObjects: 0.546100 ms)

AssetImportParameters requested are different than current active one (requested -> active):
  custom:video-decoder-ogg-theora: a1e56fd34408186e4bbccfd4996cb3dc -> 
  custom:container-muxer-webm: aa71ff27fc2769a1b78a27578f13a17b -> 
  custom:container-demuxer-webm: 4f35f7cbe854078d1ac9338744f61a02 -> 
  custom:video-encoder-webm-vp8: eb34c28f22e8b96e1ab97ce403110664 -> 
  custom:audio-encoder-webm-vorbis: bf7c407c2cedff20999df2af8eb42d56 -> 
  custom:framework-win-MediaFoundation: 216162199b28c13a410421893ffa2e32 -> 
  custom:container-demuxer-ogg: 62fdf1f143b41e24485cea50d1cbac27 -> 
  custom:video-decoder-webm-vp8: 9c59270c3fd7afecdb556c50c9e8de78 -> 
  custom:audio-decoder-ogg-vorbis: bf7c407c2cedff20999df2af8eb42d56 -> 
========================================================================
Received Import Request.
  Time since last request: 123389.613524 seconds.
  path: Assets/Player/Female Character
  artifactKey: Guid(e2106a7bc577d6c4ab165ccbec15a6cf) Importer(815301076,1909f56bfc062723c751e8b465ee728b)
Start importing Assets/Player/Female Character using Guid(e2106a7bc577d6c4ab165ccbec15a6cf) Importer(815301076,1909f56bfc062723c751e8b465ee728b)  -> (artifact id: 'c40a8e2a9713bc8ec22732249057f8bc') in 0.007689 seconds 
========================================================================
Received Import Request.
  Time since last request: 18.325037 seconds.
  path: Assets/Player/Female Character/Female.controller
  artifactKey: Guid(37fff6c12ec100442b03abaf8805d369) Importer(815301076,1909f56bfc062723c751e8b465ee728b)
Start importing Assets/Player/Female Character/Female.controller using Guid(37fff6c12ec100442b03abaf8805d369) Importer(815301076,1909f56bfc062723c751e8b465ee728b)  -> (artifact id: 'a5c67d488e5a1fe76790749d61cf23cd') in 0.080229 seconds 
========================================================================
Received Import Request.
  Time since last request: 18.155659 seconds.
  path: Assets/Player/Female Character/Female Controller.controller
  artifactKey: Guid(37fff6c12ec100442b03abaf8805d369) Importer(815301076,1909f56bfc062723c751e8b465ee728b)
Start importing Assets/Player/Female Character/Female Controller.controller using Guid(37fff6c12ec100442b03abaf8805d369) Importer(815301076,1909f56bfc062723c751e8b465ee728b)  -> (artifact id: 'cadb084a4f5eef7ed8286b162c988399') in 0.002708 seconds 
========================================================================
Received Import Request.
  Time since last request: 192.998598 seconds.
  path: Assets/Player/Female Character/Female Locomation
  artifactKey: Guid(40e7aef71a93f074d84368059c738ba9) Importer(815301076,1909f56bfc062723c751e8b465ee728b)
Start importing Assets/Player/Female Character/Female Locomation using Guid(40e7aef71a93f074d84368059c738ba9) Importer(815301076,1909f56bfc062723c751e8b465ee728b)  -> (artifact id: 'adf39906be1d7f96c1f9aac590c222c6') in 0.001600 seconds 
========================================================================
Received Import Request.
  Time since last request: 0.082644 seconds.
  path: Assets/Player/Female Character/Female Locomation/idle.fbx
  artifactKey: Guid(3183da3a560ea8f42999b709d897a020) Importer(815301076,1909f56bfc062723c751e8b465ee728b)
Start importing Assets/Player/Female Character/Female Locomation/idle.fbx using Guid(3183da3a560ea8f42999b709d897a020) Importer(815301076,1909f56bfc062723c751e8b465ee728b)  -> (artifact id: '435adf4366964778137645a5cb5c4d58') in 0.032802 seconds 
========================================================================
Received Import Request.
  Time since last request: 0.000025 seconds.
  path: Assets/Player/Female Character/Female Locomation/left strafe walk.fbx
  artifactKey: Guid(b282efa95977e894db6bc8072ca6b8f4) Importer(815301076,1909f56bfc062723c751e8b465ee728b)
Start importing Assets/Player/Female Character/Female Locomation/left strafe walk.fbx using Guid(b282efa95977e894db6bc8072ca6b8f4) Importer(815301076,1909f56bfc062723c751e8b465ee728b)  -> (artifact id: '6616fe32816d4284ed32eb1458b6c3b1') in 0.006730 seconds 
========================================================================
Received Import Request.
  Time since last request: 0.000040 seconds.
  path: Assets/Player/Female Character/Female Locomation/left strafe.fbx
  artifactKey: Guid(909bf26bb476d094d948c171b87d050f) Importer(815301076,1909f56bfc062723c751e8b465ee728b)
Start importing Assets/Player/Female Character/Female Locomation/left strafe.fbx using Guid(909bf26bb476d094d948c171b87d050f) Importer(815301076,1909f56bfc062723c751e8b465ee728b)  -> (artifact id: '088d5636e6d920b20e7d256929bb63b5') in 0.007536 seconds 
========================================================================
Received Import Request.
  Time since last request: 0.000023 seconds.
  path: Assets/Player/Female Character/Female Locomation/left turn (2).fbx
  artifactKey: Guid(15e844aaa34606e4cada422474d16552) Importer(815301076,1909f56bfc062723c751e8b465ee728b)
Start importing Assets/Player/Female Character/Female Locomation/left turn (2).fbx using Guid(15e844aaa34606e4cada422474d16552) Importer(815301076,1909f56bfc062723c751e8b465ee728b)  -> (artifact id: '508440d39ae38aca0bc5514537799b20') in 0.008071 seconds 
========================================================================
Received Import Request.
  Time since last request: 0.000028 seconds.
  path: Assets/Player/Female Character/Female Locomation/jump.fbx
  artifactKey: Guid(71c93d7f63725fd42aa29b3f6d9728a9) Importer(815301076,1909f56bfc062723c751e8b465ee728b)
Start importing Assets/Player/Female Character/Female Locomation/jump.fbx using Guid(71c93d7f63725fd42aa29b3f6d9728a9) Importer(815301076,1909f56bfc062723c751e8b465ee728b)  -> (artifact id: '67e21a9a2921383a7c73a68a8cc720de') in 0.009233 seconds 
========================================================================
Received Import Request.
  Time since last request: 0.000039 seconds.
  path: Assets/Player/Female Character/Female Locomation/right turn (2).fbx
  artifactKey: Guid(396a54f99c008df469ad52e83e8e89d6) Importer(815301076,1909f56bfc062723c751e8b465ee728b)
Start importing Assets/Player/Female Character/Female Locomation/right turn (2).fbx using Guid(396a54f99c008df469ad52e83e8e89d6) Importer(815301076,1909f56bfc062723c751e8b465ee728b)  -> (artifact id: '56595594a43f35abbc4f49713d1ff86b') in 0.008181 seconds 
========================================================================
Received Import Request.
  Time since last request: 0.000055 seconds.
  path: Assets/Player/Female Character/Female Locomation/right turn.fbx
  artifactKey: Guid(b28a7a8e3d07d554186fcf8313e8782a) Importer(815301076,1909f56bfc062723c751e8b465ee728b)
Start importing Assets/Player/Female Character/Female Locomation/right turn.fbx using Guid(b28a7a8e3d07d554186fcf8313e8782a) Importer(815301076,1909f56bfc062723c751e8b465ee728b)  -> (artifact id: '08e855534359660de8958843335d9621') in 0.009468 seconds 
========================================================================
Received Import Request.
  Time since last request: 0.000044 seconds.
  path: Assets/Player/Female Character/Female Locomation/right strafe walk.fbx
  artifactKey: Guid(69936fa412e72014291dccf5fb0a1ac0) Importer(815301076,1909f56bfc062723c751e8b465ee728b)
Start importing Assets/Player/Female Character/Female Locomation/right strafe walk.fbx using Guid(69936fa412e72014291dccf5fb0a1ac0) Importer(815301076,1909f56bfc062723c751e8b465ee728b)  -> (artifact id: '0a66d48a162092fe23c2341822b4303e') in 0.005246 seconds 
========================================================================
Received Import Request.
  Time since last request: 0.000023 seconds.
  path: Assets/Player/Female Character/Female Locomation/running.fbx
  artifactKey: Guid(ec601b7aad8cf0a429fef866333e6daa) Importer(815301076,1909f56bfc062723c751e8b465ee728b)
Start importing Assets/Player/Female Character/Female Locomation/running.fbx using Guid(ec601b7aad8cf0a429fef866333e6daa) Importer(815301076,1909f56bfc062723c751e8b465ee728b)  -> (artifact id: '98a7f77a6e4bbecc91498e844977df10') in 0.007370 seconds 
========================================================================
Received Import Request.
  Time since last request: 0.000029 seconds.
  path: Assets/Player/Female Character/Female Locomation/right strafe.fbx
  artifactKey: Guid(ce058755a1f31b64fb67eea876a9eb8d) Importer(815301076,1909f56bfc062723c751e8b465ee728b)
Start importing Assets/Player/Female Character/Female Locomation/right strafe.fbx using Guid(ce058755a1f31b64fb67eea876a9eb8d) Importer(815301076,1909f56bfc062723c751e8b465ee728b)  -> (artifact id: '9da87a94315d8db6baa0cdb1129ca820') in 0.007448 seconds 
========================================================================
Received Import Request.
  Time since last request: 0.000044 seconds.
  path: Assets/Player/Female Character/Female Locomation/walking.fbx
  artifactKey: Guid(48e8e5d3bcbcd664e862518735a02c95) Importer(815301076,1909f56bfc062723c751e8b465ee728b)
Start importing Assets/Player/Female Character/Female Locomation/walking.fbx using Guid(48e8e5d3bcbcd664e862518735a02c95) Importer(815301076,1909f56bfc062723c751e8b465ee728b)  -> (artifact id: '6a0efa8940bbba1cd8274bbe479b6c55') in 0.007081 seconds 
========================================================================
Received Import Request.
  Time since last request: 0.000035 seconds.
  path: Assets/Player/Female Character/Female Locomation/left turn.fbx
  artifactKey: Guid(6c68ae95f4a5f1a4793fa1d9479734a9) Importer(815301076,1909f56bfc062723c751e8b465ee728b)
Start importing Assets/Player/Female Character/Female Locomation/left turn.fbx using Guid(6c68ae95f4a5f1a4793fa1d9479734a9) Importer(815301076,1909f56bfc062723c751e8b465ee728b)  -> (artifact id: '2d8f2554c85545e7411ac7804b8aba25') in 0.007350 seconds 
========================================================================
Received Import Request.
  Time since last request: 476.893427 seconds.
  path: Assets/Player/Female Character/Shooter
  artifactKey: Guid(65d8d0321ba2edd4ba66dd702aec454e) Importer(815301076,1909f56bfc062723c751e8b465ee728b)
Start importing Assets/Player/Female Character/Shooter using Guid(65d8d0321ba2edd4ba66dd702aec454e) Importer(815301076,1909f56bfc062723c751e8b465ee728b)  -> (artifact id: '8a706a255f8f101b3ba1cc65a1757721') in 0.001883 seconds 
========================================================================
Received Import Request.
  Time since last request: 20.542016 seconds.
  path: Assets/Player/Female Character/Female Locomation/idle.fbx
  artifactKey: Guid(3183da3a560ea8f42999b709d897a020) Importer(815301076,1909f56bfc062723c751e8b465ee728b)
Start importing Assets/Player/Female Character/Female Locomation/idle.fbx using Guid(3183da3a560ea8f42999b709d897a020) Importer(815301076,1909f56bfc062723c751e8b465ee728b)  -> (artifact id: '9455c0ef75c071723601a58ab0c85bc6') in 0.011254 seconds 
========================================================================
Received Import Request.
  Time since last request: 0.000030 seconds.
  path: Assets/Player/Female Character/Female Locomation/left strafe walk.fbx
  artifactKey: Guid(b282efa95977e894db6bc8072ca6b8f4) Importer(815301076,1909f56bfc062723c751e8b465ee728b)
Start importing Assets/Player/Female Character/Female Locomation/left strafe walk.fbx using Guid(b282efa95977e894db6bc8072ca6b8f4) Importer(815301076,1909f56bfc062723c751e8b465ee728b)  -> (artifact id: 'd798e9ea792f733217e54580ca8e44db') in 0.010054 seconds 
========================================================================
Received Import Request.
  Time since last request: 0.000030 seconds.
  path: Assets/Player/Female Character/Female Locomation/left strafe.fbx
  artifactKey: Guid(909bf26bb476d094d948c171b87d050f) Importer(815301076,1909f56bfc062723c751e8b465ee728b)
Start importing Assets/Player/Female Character/Female Locomation/left strafe.fbx using Guid(909bf26bb476d094d948c171b87d050f) Importer(815301076,1909f56bfc062723c751e8b465ee728b)  -> (artifact id: 'af895a03fb5897d1ce7bb4cf5639f848') in 0.006893 seconds 
========================================================================
Received Import Request.
  Time since last request: 0.000080 seconds.
  path: Assets/Player/Female Character/Female Locomation/left turn (2).fbx
  artifactKey: Guid(15e844aaa34606e4cada422474d16552) Importer(815301076,1909f56bfc062723c751e8b465ee728b)
Start importing Assets/Player/Female Character/Female Locomation/left turn (2).fbx using Guid(15e844aaa34606e4cada422474d16552) Importer(815301076,1909f56bfc062723c751e8b465ee728b)  -> (artifact id: 'f98d375245feb341336c3f18ffc20d12') in 0.007533 seconds 
========================================================================
Received Import Request.
  Time since last request: 0.000049 seconds.
  path: Assets/Player/Female Character/Female Locomation/jump.fbx
  artifactKey: Guid(71c93d7f63725fd42aa29b3f6d9728a9) Importer(815301076,1909f56bfc062723c751e8b465ee728b)
Start importing Assets/Player/Female Character/Female Locomation/jump.fbx using Guid(71c93d7f63725fd42aa29b3f6d9728a9) Importer(815301076,1909f56bfc062723c751e8b465ee728b)  -> (artifact id: 'dbf52f26e27efba1fea3ae9d7082b18e') in 0.005874 seconds 
========================================================================
Received Import Request.
  Time since last request: 0.000033 seconds.
  path: Assets/Player/Female Character/Female Locomation/right turn (2).fbx
  artifactKey: Guid(396a54f99c008df469ad52e83e8e89d6) Importer(815301076,1909f56bfc062723c751e8b465ee728b)
Start importing Assets/Player/Female Character/Female Locomation/right turn (2).fbx using Guid(396a54f99c008df469ad52e83e8e89d6) Importer(815301076,1909f56bfc062723c751e8b465ee728b)  -> (artifact id: '78d5b3b1ada5aa0d0daa60f06de79e16') in 0.008751 seconds 
========================================================================
Received Import Request.
  Time since last request: 0.000040 seconds.
  path: Assets/Player/Female Character/Female Locomation/right turn.fbx
  artifactKey: Guid(b28a7a8e3d07d554186fcf8313e8782a) Importer(815301076,1909f56bfc062723c751e8b465ee728b)
Start importing Assets/Player/Female Character/Female Locomation/right turn.fbx using Guid(b28a7a8e3d07d554186fcf8313e8782a) Importer(815301076,1909f56bfc062723c751e8b465ee728b)  -> (artifact id: 'f87fd55b436fa9bd313c2f11598d399e') in 0.005062 seconds 
========================================================================
Received Import Request.
  Time since last request: 0.000030 seconds.
  path: Assets/Player/Female Character/Female Locomation/right strafe walk.fbx
  artifactKey: Guid(69936fa412e72014291dccf5fb0a1ac0) Importer(815301076,1909f56bfc062723c751e8b465ee728b)
Start importing Assets/Player/Female Character/Female Locomation/right strafe walk.fbx using Guid(69936fa412e72014291dccf5fb0a1ac0) Importer(815301076,1909f56bfc062723c751e8b465ee728b)  -> (artifact id: 'bcc4a826204ca1977058203bb682e847') in 0.007109 seconds 
========================================================================
Received Import Request.
  Time since last request: 0.000047 seconds.
  path: Assets/Player/Female Character/Female Locomation/running.fbx
  artifactKey: Guid(ec601b7aad8cf0a429fef866333e6daa) Importer(815301076,1909f56bfc062723c751e8b465ee728b)
Start importing Assets/Player/Female Character/Female Locomation/running.fbx using Guid(ec601b7aad8cf0a429fef866333e6daa) Importer(815301076,1909f56bfc062723c751e8b465ee728b)  -> (artifact id: '559ba3285a0ead036d55efcdf27daeaf') in 0.007064 seconds 
========================================================================
Received Import Request.
  Time since last request: 0.000034 seconds.
  path: Assets/Player/Female Character/Female Locomation/right strafe.fbx
  artifactKey: Guid(ce058755a1f31b64fb67eea876a9eb8d) Importer(815301076,1909f56bfc062723c751e8b465ee728b)
Start importing Assets/Player/Female Character/Female Locomation/right strafe.fbx using Guid(ce058755a1f31b64fb67eea876a9eb8d) Importer(815301076,1909f56bfc062723c751e8b465ee728b)  -> (artifact id: '062327f136a56f520a2ba276107e8361') in 0.005888 seconds 
========================================================================
Received Import Request.
  Time since last request: 0.000052 seconds.
  path: Assets/Player/Female Character/Female Locomation/walking.fbx
  artifactKey: Guid(48e8e5d3bcbcd664e862518735a02c95) Importer(815301076,1909f56bfc062723c751e8b465ee728b)
Start importing Assets/Player/Female Character/Female Locomation/walking.fbx using Guid(48e8e5d3bcbcd664e862518735a02c95) Importer(815301076,1909f56bfc062723c751e8b465ee728b)  -> (artifact id: '70883d89e565a30f5bc422ee9892c234') in 0.006357 seconds 
========================================================================
Received Import Request.
  Time since last request: 0.000026 seconds.
  path: Assets/Player/Female Character/Female Locomation/left turn.fbx
  artifactKey: Guid(6c68ae95f4a5f1a4793fa1d9479734a9) Importer(815301076,1909f56bfc062723c751e8b465ee728b)
Start importing Assets/Player/Female Character/Female Locomation/left turn.fbx using Guid(6c68ae95f4a5f1a4793fa1d9479734a9) Importer(815301076,1909f56bfc062723c751e8b465ee728b)  -> (artifact id: '4e3ee7a2bd149d62b84f157d43246745') in 0.007804 seconds 
========================================================================
Received Import Request.
  Time since last request: 548.835138 seconds.
  path: Assets/Player/Female Character/Shooter/firing rifle.fbx
  artifactKey: Guid(87fb76b156fd353489db959cbfc3a90c) Importer(815301076,1909f56bfc062723c751e8b465ee728b)
Start importing Assets/Player/Female Character/Shooter/firing rifle.fbx using Guid(87fb76b156fd353489db959cbfc3a90c) Importer(815301076,1909f56bfc062723c751e8b465ee728b)  -> (artifact id: '21c1ddf02281f694c876fae3c41dbf86') in 0.008433 seconds 
========================================================================
Received Import Request.
  Time since last request: 0.000031 seconds.
  path: Assets/Player/Female Character/Shooter/rifle aiming idle.fbx
  artifactKey: Guid(cb16ddc244ee0d446a69ce95f2066904) Importer(815301076,1909f56bfc062723c751e8b465ee728b)
Start importing Assets/Player/Female Character/Shooter/rifle aiming idle.fbx using Guid(cb16ddc244ee0d446a69ce95f2066904) Importer(815301076,1909f56bfc062723c751e8b465ee728b)  -> (artifact id: 'c667af49d67cb058e05ace1c38564b89') in 0.006876 seconds 
========================================================================
Received Import Request.
  Time since last request: 0.000038 seconds.
  path: Assets/Player/Female Character/Shooter/strafe right.fbx
  artifactKey: Guid(1665d34d588694141afa3af29427e97b) Importer(815301076,1909f56bfc062723c751e8b465ee728b)
Start importing Assets/Player/Female Character/Shooter/strafe right.fbx using Guid(1665d34d588694141afa3af29427e97b) Importer(815301076,1909f56bfc062723c751e8b465ee728b)  -> (artifact id: '480045a2a3cb087d5ec9fb18ffb7bc90') in 0.006620 seconds 
========================================================================
Received Import Request.
  Time since last request: 0.000039 seconds.
  path: Assets/Player/Female Character/Shooter/toss grenade.fbx
  artifactKey: Guid(7c9efd54f0f979d4082af4f57372dede) Importer(815301076,1909f56bfc062723c751e8b465ee728b)
Start importing Assets/Player/Female Character/Shooter/toss grenade.fbx using Guid(7c9efd54f0f979d4082af4f57372dede) Importer(815301076,1909f56bfc062723c751e8b465ee728b)  -> (artifact id: 'd45652029ce344e4c07f0322316962e7') in 0.009810 seconds 
========================================================================
Received Import Request.
  Time since last request: 0.000028 seconds.
  path: Assets/Player/Female Character/Shooter/rifle jump.fbx
  artifactKey: Guid(c5379a0f6e3555248943793acc7c61ef) Importer(815301076,1909f56bfc062723c751e8b465ee728b)
Start importing Assets/Player/Female Character/Shooter/rifle jump.fbx using Guid(c5379a0f6e3555248943793acc7c61ef) Importer(815301076,1909f56bfc062723c751e8b465ee728b)  -> (artifact id: '711b8e3f37a5264f70bbeff0586520d3') in 0.007195 seconds 
========================================================================
Received Import Request.
  Time since last request: 0.000042 seconds.
  path: Assets/Player/Female Character/Shooter/walking.fbx
  artifactKey: Guid(e0d12b90d1540914081a5a92e97c7771) Importer(815301076,1909f56bfc062723c751e8b465ee728b)
Start importing Assets/Player/Female Character/Shooter/walking.fbx using Guid(e0d12b90d1540914081a5a92e97c7771) Importer(815301076,1909f56bfc062723c751e8b465ee728b)  -> (artifact id: 'fc0bf648f2727b3468f45ba3273e151b') in 0.007428 seconds 
========================================================================
Received Import Request.
  Time since last request: 0.000027 seconds.
  path: Assets/Player/Female Character/Shooter/reloading.fbx
  artifactKey: Guid(5e60268e540c01441a0fec0894ea0a2e) Importer(815301076,1909f56bfc062723c751e8b465ee728b)
Start importing Assets/Player/Female Character/Shooter/reloading.fbx using Guid(5e60268e540c01441a0fec0894ea0a2e) Importer(815301076,1909f56bfc062723c751e8b465ee728b)  -> (artifact id: '1e37ec8e804136adb9d4b267c2e4ec35') in 0.007286 seconds 
========================================================================
Received Import Request.
  Time since last request: 0.000037 seconds.
  path: Assets/Player/Female Character/Shooter/walking backwards.fbx
  artifactKey: Guid(032941a010ae7744d9e6c88167be7c31) Importer(815301076,1909f56bfc062723c751e8b465ee728b)
Start importing Assets/Player/Female Character/Shooter/walking backwards.fbx using Guid(032941a010ae7744d9e6c88167be7c31) Importer(815301076,1909f56bfc062723c751e8b465ee728b)  -> (artifact id: 'a337374d87d0ee94b817953fa4e68944') in 0.007793 seconds 
========================================================================
Received Import Request.
  Time since last request: 0.000039 seconds.
  path: Assets/Player/Female Character/Shooter/strafe (2).fbx
  artifactKey: Guid(17dabddc7b7c9cb4d8f931d455eac807) Importer(815301076,1909f56bfc062723c751e8b465ee728b)
Start importing Assets/Player/Female Character/Shooter/strafe (2).fbx using Guid(17dabddc7b7c9cb4d8f931d455eac807) Importer(815301076,1909f56bfc062723c751e8b465ee728b)  -> (artifact id: 'a55bd276bdffb5a17bd37b5fdbda613c') in 0.011590 seconds 
========================================================================
Received Import Request.
  Time since last request: 0.000071 seconds.
  path: Assets/Player/Female Character/Shooter/run backwards.fbx
  artifactKey: Guid(14bf9b25f53f0eb49b861111ff9f67ea) Importer(815301076,1909f56bfc062723c751e8b465ee728b)
Start importing Assets/Player/Female Character/Shooter/run backwards.fbx using Guid(14bf9b25f53f0eb49b861111ff9f67ea) Importer(815301076,1909f56bfc062723c751e8b465ee728b)  -> (artifact id: '6f09e7e1120fc1c3dbd63e4fc1149395') in 0.009197 seconds 
========================================================================
Received Import Request.
  Time since last request: 0.000034 seconds.
  path: Assets/Player/Female Character/Shooter/hit reaction.fbx
  artifactKey: Guid(ab1ae8c7da3bd5145ab936422a2f4d53) Importer(815301076,1909f56bfc062723c751e8b465ee728b)
Start importing Assets/Player/Female Character/Shooter/hit reaction.fbx using Guid(ab1ae8c7da3bd5145ab936422a2f4d53) Importer(815301076,1909f56bfc062723c751e8b465ee728b)  -> (artifact id: '39dcebdb0bacfb2b23ebaf36faee1948') in 0.005524 seconds 
========================================================================
Received Import Request.
  Time since last request: 0.000044 seconds.
  path: Assets/Player/Female Character/Shooter/strafe.fbx
  artifactKey: Guid(b5db2c16e3b55df468a8c2d6d0393383) Importer(815301076,1909f56bfc062723c751e8b465ee728b)
Start importing Assets/Player/Female Character/Shooter/strafe.fbx using Guid(b5db2c16e3b55df468a8c2d6d0393383) Importer(815301076,1909f56bfc062723c751e8b465ee728b)  -> (artifact id: '1d0b9ca69b3710ddbdca92d683fc517e') in 0.007308 seconds 
========================================================================
Received Import Request.
  Time since last request: 0.000027 seconds.
  path: Assets/Player/Female Character/Shooter/strafe left.fbx
  artifactKey: Guid(e518079b1d201b94080553cd7555695a) Importer(815301076,1909f56bfc062723c751e8b465ee728b)
Start importing Assets/Player/Female Character/Shooter/strafe left.fbx using Guid(e518079b1d201b94080553cd7555695a) Importer(815301076,1909f56bfc062723c751e8b465ee728b)  -> (artifact id: '1d0bd298d38b5113020a0e10438d0dd5') in 0.008963 seconds 
========================================================================
Received Import Request.
  Time since last request: 0.000030 seconds.
  path: Assets/Player/Female Character/Shooter/turning right 45 degrees.fbx
  artifactKey: Guid(81b7ccf75436bb443bc9828efceb5957) Importer(815301076,1909f56bfc062723c751e8b465ee728b)
Start importing Assets/Player/Female Character/Shooter/turning right 45 degrees.fbx using Guid(81b7ccf75436bb443bc9828efceb5957) Importer(815301076,1909f56bfc062723c751e8b465ee728b)  -> (artifact id: '589e878b3cfc375189e83b757b2462bc') in 0.007005 seconds 
========================================================================
Received Import Request.
  Time since last request: 0.000030 seconds.
  path: Assets/Player/Female Character/Shooter/turn left.fbx
  artifactKey: Guid(8ef38bf6cf38ed6459e0224b46c32832) Importer(815301076,1909f56bfc062723c751e8b465ee728b)
Start importing Assets/Player/Female Character/Shooter/turn left.fbx using Guid(8ef38bf6cf38ed6459e0224b46c32832) Importer(815301076,1909f56bfc062723c751e8b465ee728b)  -> (artifact id: '531c74314bbf3606f9e3a0da5d8421b2') in 0.005531 seconds 
========================================================================
Received Import Request.
  Time since last request: 0.000035 seconds.
  path: Assets/Player/Female Character/Shooter/rifle run.fbx
  artifactKey: Guid(4e995f585237d434f951a8f8cfabf728) Importer(815301076,1909f56bfc062723c751e8b465ee728b)
Start importing Assets/Player/Female Character/Shooter/rifle run.fbx using Guid(4e995f585237d434f951a8f8cfabf728) Importer(815301076,1909f56bfc062723c751e8b465ee728b)  -> (artifact id: '7bfaca0640dae778a6caa878c8a9150e') in 0.006701 seconds 
