Using pre-set license
Built from '2021.3/staging' branch; Version is '2021.3.21f1 (1b156197d683) revision 1774945'; Using compiler version '192829333'; Build Type 'Release'
OS: 'Windows 10  (10.0.19045) 64bit Professional' Language: 'en' Physical Memory: 8083 MB
BatchMode: 1, IsHumanControllingUs: 0, StartBugReporterOnCrash: 0, Is64bit: 1, IsPro: 1

COMMAND LINE ARGUMENTS:
D:\Unity\2021.3.21f1\Editor\Unity.exe
-adb2
-batchMode
-noUpm
-name
AssetImportWorker0
-projectPath
D:/Unity/project/Zombie Apocalypse 3D
-logFile
Logs/AssetImportWorker0.log
-srvPort
59059
Successfully changed project path to: D:/Unity/project/Zombie Apocalypse 3D
D:/Unity/project/Zombie Apocalypse 3D
[UnityMemory] Configuration Parameters - Can be set up in boot.config
    "memorysetup-bucket-allocator-granularity=16"
    "memorysetup-bucket-allocator-bucket-count=8"
    "memorysetup-bucket-allocator-block-size=33554432"
    "memorysetup-bucket-allocator-block-count=8"
    "memorysetup-main-allocator-block-size=16777216"
    "memorysetup-thread-allocator-block-size=16777216"
    "memorysetup-gfx-main-allocator-block-size=16777216"
    "memorysetup-gfx-thread-allocator-block-size=16777216"
    "memorysetup-cache-allocator-block-size=4194304"
    "memorysetup-typetree-allocator-block-size=2097152"
    "memorysetup-profiler-bucket-allocator-granularity=16"
    "memorysetup-profiler-bucket-allocator-bucket-count=8"
    "memorysetup-profiler-bucket-allocator-block-size=33554432"
    "memorysetup-profiler-bucket-allocator-block-count=8"
    "memorysetup-profiler-allocator-block-size=16777216"
    "memorysetup-profiler-editor-allocator-block-size=1048576"
    "memorysetup-temp-allocator-size-main=16777216"
    "memorysetup-job-temp-allocator-block-size=2097152"
    "memorysetup-job-temp-allocator-block-size-background=1048576"
    "memorysetup-job-temp-allocator-reduction-small-platforms=262144"
    "memorysetup-temp-allocator-size-background-worker=32768"
    "memorysetup-temp-allocator-size-job-worker=262144"
    "memorysetup-temp-allocator-size-preload-manager=33554432"
    "memorysetup-temp-allocator-size-nav-mesh-worker=65536"
    "memorysetup-temp-allocator-size-audio-worker=65536"
    "memorysetup-temp-allocator-size-cloud-worker=32768"
    "memorysetup-temp-allocator-size-gi-baking-worker=262144"
    "memorysetup-temp-allocator-size-gfx=262144"
Player connection [10852] Host "[IP] 192.168.0.173 [Port] 0 [Flags] 2 [Guid] 938346911 [EditorId] 938346911 [Version] 1048832 [Id] WindowsEditor(7,Taufiq-Emon) [Debug] 1 [PackageName] WindowsEditor [ProjectName] Editor" joined multi-casting on [225.0.0.222:54997]...

Player connection [10852] Host "[IP] 192.168.0.173 [Port] 0 [Flags] 2 [Guid] 938346911 [EditorId] 938346911 [Version] 1048832 [Id] WindowsEditor(7,Taufiq-Emon) [Debug] 1 [PackageName] WindowsEditor [ProjectName] Editor" joined alternative multi-casting on [225.0.0.222:34997]...

Refreshing native plugins compatible for Editor in 105.35 ms, found 3 plugins.
Preloading 0 native plugins for Editor in 0.00 ms.
Initialize engine version: 2021.3.21f1 (1b156197d683)
[Subsystems] Discovering subsystems at path D:/Unity/2021.3.21f1/Editor/Data/Resources/UnitySubsystems
[Subsystems] Discovering subsystems at path D:/Unity/project/Zombie Apocalypse 3D/Assets
GfxDevice: creating device client; threaded=0; jobified=0
Direct3D:
    Version:  Direct3D 11.0 [level 11.1]
    Renderer: AMD Radeon (TM) R7 M360 (ID=0x6900)
    Vendor:   ATI
    VRAM:     2038 MB
    Driver:   27.20.20903.8001
Initialize mono
Mono path[0] = 'D:/Unity/2021.3.21f1/Editor/Data/Managed'
Mono path[1] = 'D:/Unity/2021.3.21f1/Editor/Data/MonoBleedingEdge/lib/mono/unityjit-win32'
Mono config path = 'D:/Unity/2021.3.21f1/Editor/Data/MonoBleedingEdge/etc'
Using monoOptions --debugger-agent=transport=dt_socket,embedding=1,server=y,suspend=n,address=127.0.0.1:56444
Begin MonoManager ReloadAssembly
Registering precompiled unity dll's ...
Register platform support module: D:/Unity/2021.3.21f1/Editor/Data/PlaybackEngines/WindowsStandaloneSupport/UnityEditor.WindowsStandalone.Extensions.dll
Registered in 0.003123 seconds.
Native extension for WindowsStandalone target not found
Refreshing native plugins compatible for Editor in 100.22 ms, found 3 plugins.
Preloading 0 native plugins for Editor in 0.00 ms.
Mono: successfully reloaded assembly
- Completed reload, in  0.753 seconds
Domain Reload Profiling:
	ReloadAssembly (753ms)
		BeginReloadAssembly (99ms)
			ExecutionOrderSort (0ms)
			DisableScriptedObjects (0ms)
			BackupInstance (0ms)
			ReleaseScriptingObjects (0ms)
			CreateAndSetChildDomain (1ms)
		EndReloadAssembly (542ms)
			LoadAssemblies (98ms)
			RebuildTransferFunctionScriptingTraits (0ms)
			SetupTypeCache (129ms)
			ReleaseScriptCaches (0ms)
			RebuildScriptCaches (38ms)
			SetupLoadedEditorAssemblies (317ms)
				LogAssemblyErrors (0ms)
				InitializePlatformSupportModulesInManaged (8ms)
				SetLoadedEditorAssemblies (1ms)
				RefreshPlugins (100ms)
				BeforeProcessingInitializeOnLoad (2ms)
				ProcessInitializeOnLoadAttributes (151ms)
				ProcessInitializeOnLoadMethodAttributes (55ms)
				AfterProcessingInitializeOnLoad (0ms)
				EditorAssembliesLoaded (0ms)
			ExecutionOrderSort2 (0ms)
			AwakeInstancesAfterBackupRestoration (0ms)
Platform modules already initialized, skipping
Registering precompiled user dll's ...
Registered in 0.004686 seconds.
Begin MonoManager ReloadAssembly
Symbol file LoadedFromMemory doesn't match image D:\Unity\project\Zombie Apocalypse 3D\Library\PackageCache\com.unity.visualscripting@1.8.0\Editor\VisualScripting.Core\Dependencies\YamlDotNet\Unity.VisualScripting.YamlDotNet.dll
Symbol file LoadedFromMemory doesn't match image D:\Unity\project\Zombie Apocalypse 3D\Library\PackageCache\com.unity.visualscripting@1.8.0\Editor\VisualScripting.Core\Dependencies\DotNetZip\Unity.VisualScripting.IonicZip.dll
Native extension for WindowsStandalone target not found
Refreshing native plugins compatible for Editor in 0.55 ms, found 3 plugins.
Preloading 0 native plugins for Editor in 0.00 ms.
Mono: successfully reloaded assembly
- Completed reload, in  1.208 seconds
Domain Reload Profiling:
	ReloadAssembly (1210ms)
		BeginReloadAssembly (148ms)
			ExecutionOrderSort (0ms)
			DisableScriptedObjects (7ms)
			BackupInstance (0ms)
			ReleaseScriptingObjects (0ms)
			CreateAndSetChildDomain (24ms)
		EndReloadAssembly (938ms)
			LoadAssemblies (106ms)
			RebuildTransferFunctionScriptingTraits (0ms)
			SetupTypeCache (342ms)
			ReleaseScriptCaches (1ms)
			RebuildScriptCaches (60ms)
			SetupLoadedEditorAssemblies (398ms)
				LogAssemblyErrors (0ms)
				InitializePlatformSupportModulesInManaged (5ms)
				SetLoadedEditorAssemblies (1ms)
				RefreshPlugins (1ms)
				BeforeProcessingInitializeOnLoad (96ms)
				ProcessInitializeOnLoadAttributes (269ms)
				ProcessInitializeOnLoadMethodAttributes (23ms)
				AfterProcessingInitializeOnLoad (3ms)
				EditorAssembliesLoaded (0ms)
			ExecutionOrderSort2 (0ms)
			AwakeInstancesAfterBackupRestoration (8ms)
Platform modules already initialized, skipping
========================================================================
Worker process is ready to serve import requests
Launched and connected shader compiler UnityShaderCompiler.exe after 0.06 seconds
Refreshing native plugins compatible for Editor in 0.71 ms, found 3 plugins.
Preloading 0 native plugins for Editor in 0.00 ms.
Unloading 3047 Unused Serialized files (Serialized files now loaded: 0)
Unloading 24 unused Assets / (113.5 KB). Loaded Objects now: 3507.
Memory consumption went from 107.4 MB to 107.3 MB.
Total: 4.090600 ms (FindLiveObjects: 0.297900 ms CreateObjectMapping: 0.251700 ms MarkObjects: 3.407900 ms  DeleteObjects: 0.132100 ms)

AssetImportParameters requested are different than current active one (requested -> active):
  custom:video-decoder-ogg-theora: a1e56fd34408186e4bbccfd4996cb3dc -> 
  custom:container-muxer-webm: aa71ff27fc2769a1b78a27578f13a17b -> 
  custom:container-demuxer-webm: 4f35f7cbe854078d1ac9338744f61a02 -> 
  custom:video-encoder-webm-vp8: eb34c28f22e8b96e1ab97ce403110664 -> 
  custom:audio-encoder-webm-vorbis: bf7c407c2cedff20999df2af8eb42d56 -> 
  custom:framework-win-MediaFoundation: 216162199b28c13a410421893ffa2e32 -> 
  custom:container-demuxer-ogg: 62fdf1f143b41e24485cea50d1cbac27 -> 
  custom:video-decoder-webm-vp8: 9c59270c3fd7afecdb556c50c9e8de78 -> 
  custom:audio-decoder-ogg-vorbis: bf7c407c2cedff20999df2af8eb42d56 -> 
========================================================================
Received Import Request.
  Time since last request: 324974.567412 seconds.
  path: Assets/Audio
  artifactKey: Guid(5e32ab5d456d2114db2074ac27494f02) Importer(815301076,1909f56bfc062723c751e8b465ee728b)
Start importing Assets/Audio using Guid(5e32ab5d456d2114db2074ac27494f02) Importer(815301076,1909f56bfc062723c751e8b465ee728b)  -> (artifact id: 'd422ccc99f0e5845fd642ecfc6bdb995') in 0.005963 seconds 
========================================================================
Received Import Request.
  Time since last request: 5.514532 seconds.
  path: Assets/Audio/AmmoOut.wav
  artifactKey: Guid(3af72a9180babd34b96ab6e19f59b51f) Importer(815301076,1909f56bfc062723c751e8b465ee728b)
Start importing Assets/Audio/AmmoOut.wav using Guid(3af72a9180babd34b96ab6e19f59b51f) Importer(815301076,1909f56bfc062723c751e8b465ee728b)  -> (artifact id: 'ad44f1a3abd97d8d922294828b6d9ea4') in 0.160283 seconds 
========================================================================
Received Import Request.
  Time since last request: 0.000017 seconds.
  path: Assets/Audio/PlayerFootstep.mp3
  artifactKey: Guid(9a8e3217653418b4495d6bb1e4885584) Importer(815301076,1909f56bfc062723c751e8b465ee728b)
Start importing Assets/Audio/PlayerFootstep.mp3 using Guid(9a8e3217653418b4495d6bb1e4885584) Importer(815301076,1909f56bfc062723c751e8b465ee728b)  -> (artifact id: 'df28ee621cece4f5999edf53d0b31013') in 0.013447 seconds 
========================================================================
Received Import Request.
  Time since last request: 0.000087 seconds.
  path: Assets/Audio/DangerZone.mp3
  artifactKey: Guid(03d7f17d14960034abc4022696ebf922) Importer(815301076,1909f56bfc062723c751e8b465ee728b)
Start importing Assets/Audio/DangerZone.mp3 using Guid(03d7f17d14960034abc4022696ebf922) Importer(815301076,1909f56bfc062723c751e8b465ee728b)  -> (artifact id: '09c2e5e3ec2e6b88bbcfd76dfb68444c') in 0.009205 seconds 
========================================================================
Received Import Request.
  Time since last request: 0.000044 seconds.
  path: Assets/Audio/Door.mp3
  artifactKey: Guid(15778112ceabd234dabfe57efc2b88d1) Importer(815301076,1909f56bfc062723c751e8b465ee728b)
Start importing Assets/Audio/Door.mp3 using Guid(15778112ceabd234dabfe57efc2b88d1) Importer(815301076,1909f56bfc062723c751e8b465ee728b)  -> (artifact id: '8b82bdc70c47fd43bb006efad243a446') in 0.010522 seconds 
========================================================================
Received Import Request.
  Time since last request: 0.000041 seconds.
  path: Assets/Audio/AmmoPickup.mp3
  artifactKey: Guid(4a87c87b34e54ac49a4b569f158de559) Importer(815301076,1909f56bfc062723c751e8b465ee728b)
Start importing Assets/Audio/AmmoPickup.mp3 using Guid(4a87c87b34e54ac49a4b569f158de559) Importer(815301076,1909f56bfc062723c751e8b465ee728b)  -> (artifact id: '199a7c0f67e3914d397dbb2542b869be') in 0.012254 seconds 
========================================================================
Received Import Request.
  Time since last request: 0.000017 seconds.
  path: Assets/Audio/PlayerHurt.wav
  artifactKey: Guid(76aa1393c5e6aca488e1ebd4ed7bee65) Importer(815301076,1909f56bfc062723c751e8b465ee728b)
Start importing Assets/Audio/PlayerHurt.wav using Guid(76aa1393c5e6aca488e1ebd4ed7bee65) Importer(815301076,1909f56bfc062723c751e8b465ee728b)  -> (artifact id: '0626674956126e5d826ce5a8e0a36f3b') in 0.011644 seconds 
========================================================================
Received Import Request.
  Time since last request: 0.000022 seconds.
  path: Assets/Audio/ZombieHurt.mp3
  artifactKey: Guid(257567a56fc7e8244ae86eb59ca9ebf6) Importer(815301076,1909f56bfc062723c751e8b465ee728b)
Start importing Assets/Audio/ZombieHurt.mp3 using Guid(257567a56fc7e8244ae86eb59ca9ebf6) Importer(815301076,1909f56bfc062723c751e8b465ee728b)  -> (artifact id: '3f291b413f515783ec191ea4d6a8e69e') in 0.010533 seconds 
========================================================================
Received Import Request.
  Time since last request: 0.000034 seconds.
  path: Assets/Audio/Player Gun.mp3
  artifactKey: Guid(2d58e52832b7e974cbd8505776c4153e) Importer(815301076,1909f56bfc062723c751e8b465ee728b)
Start importing Assets/Audio/Player Gun.mp3 using Guid(2d58e52832b7e974cbd8505776c4153e) Importer(815301076,1909f56bfc062723c751e8b465ee728b)  -> (artifact id: 'a04e1301abba0b6024b843276662ae70') in 0.013008 seconds 
========================================================================
Received Import Request.
  Time since last request: 0.000022 seconds.
  path: Assets/Audio/Gun Machine Gun 444.mp3
  artifactKey: Guid(fa0dc6655f34d2447be0edec9cfd665e) Importer(815301076,1909f56bfc062723c751e8b465ee728b)
Start importing Assets/Audio/Gun Machine Gun 444.mp3 using Guid(fa0dc6655f34d2447be0edec9cfd665e) Importer(815301076,1909f56bfc062723c751e8b465ee728b)  -> (artifact id: 'bd1455ef0a5a954b08a3fa9049a173de') in 0.009722 seconds 
========================================================================
Received Import Request.
  Time since last request: 0.000037 seconds.
  path: Assets/Audio/Gun Machine Gun 434.mp3
  artifactKey: Guid(1af77607213d57b4aaa7e77d3a7e8e51) Importer(815301076,1909f56bfc062723c751e8b465ee728b)
Start importing Assets/Audio/Gun Machine Gun 434.mp3 using Guid(1af77607213d57b4aaa7e77d3a7e8e51) Importer(815301076,1909f56bfc062723c751e8b465ee728b)  -> (artifact id: '7fbf1149eb26837846a429a35ea9c9cb') in 0.010747 seconds 
========================================================================
Received Import Request.
  Time since last request: 0.000034 seconds.
  path: Assets/Audio/ZombieHurt1.mp3
  artifactKey: Guid(048e8985864065642b5c7a039769fdf4) Importer(815301076,1909f56bfc062723c751e8b465ee728b)
Start importing Assets/Audio/ZombieHurt1.mp3 using Guid(048e8985864065642b5c7a039769fdf4) Importer(815301076,1909f56bfc062723c751e8b465ee728b)  -> (artifact id: '966a5311260b2a481c3c334a1d940f02') in 0.008780 seconds 
========================================================================
Received Import Request.
  Time since last request: 0.000019 seconds.
  path: Assets/Audio/Reloading.mp3
  artifactKey: Guid(788fcb76160c03b4bb674e09f8ad6da7) Importer(815301076,1909f56bfc062723c751e8b465ee728b)
Start importing Assets/Audio/Reloading.mp3 using Guid(788fcb76160c03b4bb674e09f8ad6da7) Importer(815301076,1909f56bfc062723c751e8b465ee728b)  -> (artifact id: 'f828d15e0a83d20dc21e6bb517481344') in 0.011227 seconds 
========================================================================
Received Import Request.
  Time since last request: 0.000025 seconds.
  path: Assets/Audio/ZombieFootstep.mp3
  artifactKey: Guid(57d389d033751794c9c78e3fe772005a) Importer(815301076,1909f56bfc062723c751e8b465ee728b)
Start importing Assets/Audio/ZombieFootstep.mp3 using Guid(57d389d033751794c9c78e3fe772005a) Importer(815301076,1909f56bfc062723c751e8b465ee728b)  -> (artifact id: '533735e2dbc4cad5f81dffa42f0becb6') in 0.009144 seconds 
========================================================================
Received Import Request.
  Time since last request: 0.000028 seconds.
  path: Assets/Audio/HealthPickup.mp3
  artifactKey: Guid(5aa02ed57d520b94284f81c8442e0e5c) Importer(815301076,1909f56bfc062723c751e8b465ee728b)
Start importing Assets/Audio/HealthPickup.mp3 using Guid(5aa02ed57d520b94284f81c8442e0e5c) Importer(815301076,1909f56bfc062723c751e8b465ee728b)  -> (artifact id: '3c151cbfef7d8b7bb4353ceaaa83a235') in 0.011281 seconds 
========================================================================
Received Import Request.
  Time since last request: 0.000028 seconds.
  path: Assets/Audio/Gun Machine Gun 353.mp3
  artifactKey: Guid(2bdf92454a3a70449a72e28007d2be10) Importer(815301076,1909f56bfc062723c751e8b465ee728b)
Start importing Assets/Audio/Gun Machine Gun 353.mp3 using Guid(2bdf92454a3a70449a72e28007d2be10) Importer(815301076,1909f56bfc062723c751e8b465ee728b)  -> (artifact id: 'c14ddc1ae513e8f5ffcb8a52a511e360') in 0.011418 seconds 
========================================================================
Received Import Request.
  Time since last request: 0.000025 seconds.
  path: Assets/Audio/Footstep 1.mp3
  artifactKey: Guid(b71c80d1299c2cf47a814f33dd6b5643) Importer(815301076,1909f56bfc062723c751e8b465ee728b)
Start importing Assets/Audio/Footstep 1.mp3 using Guid(b71c80d1299c2cf47a814f33dd6b5643) Importer(815301076,1909f56bfc062723c751e8b465ee728b)  -> (artifact id: 'c2d66abe8ae992971bb5bb5136270731') in 0.010028 seconds 
========================================================================
Received Import Request.
  Time since last request: 0.000036 seconds.
  path: Assets/Audio/Footstep.mp3
  artifactKey: Guid(1f9f0407c24e1cd478385a17608993d5) Importer(815301076,1909f56bfc062723c751e8b465ee728b)
Start importing Assets/Audio/Footstep.mp3 using Guid(1f9f0407c24e1cd478385a17608993d5) Importer(815301076,1909f56bfc062723c751e8b465ee728b)  -> (artifact id: '2fd4720e2dc123ac6eaf12be7f3b1f81') in 0.010176 seconds 
========================================================================
Received Import Request.
  Time since last request: 0.000052 seconds.
  path: Assets/Audio/Objective Complete.wav
  artifactKey: Guid(0f483312223d83d43b433cca24f0c55f) Importer(815301076,1909f56bfc062723c751e8b465ee728b)
Start importing Assets/Audio/Objective Complete.wav using Guid(0f483312223d83d43b433cca24f0c55f) Importer(815301076,1909f56bfc062723c751e8b465ee728b)  -> (artifact id: '2edca626bc588bb642930a317c9626f4') in 0.011162 seconds 
========================================================================
Received Import Request.
  Time since last request: 1.835091 seconds.
  path: Assets/Fonts/Bronx-Bystreets - PERSONAL USE ONLY.ttf
  artifactKey: Guid(6c5f347b3f055094d956be063d36bafb) Importer(815301076,1909f56bfc062723c751e8b465ee728b)
Start importing Assets/Fonts/Bronx-Bystreets - PERSONAL USE ONLY.ttf using Guid(6c5f347b3f055094d956be063d36bafb) Importer(815301076,1909f56bfc062723c751e8b465ee728b)  -> (artifact id: 'd1ca05ded8b771a045ccf16b4fff491d') in 0.153374 seconds 
========================================================================
Received Import Request.
  Time since last request: 1.373009 seconds.
  path: Assets/Prefabs/DestroyEffect.prefab
  artifactKey: Guid(6fbaa1d21a70f4743b327538725a0024) Importer(815301076,1909f56bfc062723c751e8b465ee728b)
Start importing Assets/Prefabs/DestroyEffect.prefab using Guid(6fbaa1d21a70f4743b327538725a0024) Importer(815301076,1909f56bfc062723c751e8b465ee728b)  -> (artifact id: '66457ed3714e303f510660d5977af3f8') in 0.046111 seconds 
========================================================================
Received Import Request.
  Time since last request: 0.000025 seconds.
  path: Assets/Prefabs/ImpactEffect.prefab
  artifactKey: Guid(92234d857671cd342a7db7e8837ed7de) Importer(815301076,1909f56bfc062723c751e8b465ee728b)
Start importing Assets/Prefabs/ImpactEffect.prefab using Guid(92234d857671cd342a7db7e8837ed7de) Importer(815301076,1909f56bfc062723c751e8b465ee728b)  -> (artifact id: '179304cc6832baf179977b207e550dc9') in 0.013194 seconds 
========================================================================
Received Import Request.
  Time since last request: 0.000057 seconds.
  path: Assets/Prefabs/WoodEffect.prefab
  artifactKey: Guid(ba4b203eaa4e91f49bee969c40a2bd23) Importer(815301076,1909f56bfc062723c751e8b465ee728b)
Start importing Assets/Prefabs/WoodEffect.prefab using Guid(ba4b203eaa4e91f49bee969c40a2bd23) Importer(815301076,1909f56bfc062723c751e8b465ee728b)  -> (artifact id: 'ef6be3641d5138533c7233489f5e3849') in 0.014117 seconds 
========================================================================
Received Import Request.
  Time since last request: 0.000053 seconds.
  path: Assets/Prefabs/goreEffect.prefab
  artifactKey: Guid(67f911d8964aea241bed51e1e9c091e8) Importer(815301076,1909f56bfc062723c751e8b465ee728b)
Start importing Assets/Prefabs/goreEffect.prefab using Guid(67f911d8964aea241bed51e1e9c091e8) Importer(815301076,1909f56bfc062723c751e8b465ee728b)  -> (artifact id: '9c7e2e630c6f922059306a65a99f0882') in 0.012704 seconds 
========================================================================
Received Import Request.
  Time since last request: 0.000062 seconds.
  path: Assets/Prefabs/MuzzleSpark.prefab
  artifactKey: Guid(a06a7d0b70674df468a788590c347e58) Importer(815301076,1909f56bfc062723c751e8b465ee728b)
Start importing Assets/Prefabs/MuzzleSpark.prefab using Guid(a06a7d0b70674df468a788590c347e58) Importer(815301076,1909f56bfc062723c751e8b465ee728b)  -> (artifact id: 'dee46700185542273b58607b898097a2') in 0.012873 seconds 
========================================================================
Received Import Request.
  Time since last request: 7.658357 seconds.
  path: Assets/Sprites/BloodEffect.psd
  artifactKey: Guid(6149880e03c3dd14992fce1e50ea1a54) Importer(815301076,1909f56bfc062723c751e8b465ee728b)
Start importing Assets/Sprites/BloodEffect.psd using Guid(6149880e03c3dd14992fce1e50ea1a54) Importer(815301076,1909f56bfc062723c751e8b465ee728b)  -> (artifact id: '5eeb0010a630d4f38cc92f18446971a3') in 0.014906 seconds 
========================================================================
Received Import Request.
  Time since last request: 0.000019 seconds.
  path: Assets/Sprites/Player2.png
  artifactKey: Guid(2f3e64c1c3a1dc8429e5a928dbd7483c) Importer(815301076,1909f56bfc062723c751e8b465ee728b)
Start importing Assets/Sprites/Player2.png using Guid(2f3e64c1c3a1dc8429e5a928dbd7483c) Importer(815301076,1909f56bfc062723c751e8b465ee728b)  -> (artifact id: '55ec9ed7c65b6e2be463d62715fce163') in 0.016347 seconds 
========================================================================
Received Import Request.
  Time since last request: 0.000036 seconds.
  path: Assets/Sprites/Player3.png
  artifactKey: Guid(4349065c708891448b3fe18512eaadf7) Importer(815301076,1909f56bfc062723c751e8b465ee728b)
Start importing Assets/Sprites/Player3.png using Guid(4349065c708891448b3fe18512eaadf7) Importer(815301076,1909f56bfc062723c751e8b465ee728b)  -> (artifact id: '7c764dcc200e9ca6332fcf983b63aa8e') in 0.011937 seconds 
========================================================================
Received Import Request.
  Time since last request: 0.000039 seconds.
  path: Assets/Sprites/Player1.png
  artifactKey: Guid(03b2e5177a3c82b438e41a27c1071f4e) Importer(815301076,1909f56bfc062723c751e8b465ee728b)
Start importing Assets/Sprites/Player1.png using Guid(03b2e5177a3c82b438e41a27c1071f4e) Importer(815301076,1909f56bfc062723c751e8b465ee728b)  -> (artifact id: '6e6a606b0e981499949ae1f0a7c22d5c') in 0.009975 seconds 
========================================================================
Received Import Request.
  Time since last request: 0.000033 seconds.
  path: Assets/Sprites/Magazine.png
  artifactKey: Guid(bf3dd5036ab416f4aa0aa66344791ee4) Importer(815301076,1909f56bfc062723c751e8b465ee728b)
Start importing Assets/Sprites/Magazine.png using Guid(bf3dd5036ab416f4aa0aa66344791ee4) Importer(815301076,1909f56bfc062723c751e8b465ee728b)  -> (artifact id: '1b3b499f3f88e07d46e57fa81c999176') in 0.009841 seconds 
========================================================================
Received Import Request.
  Time since last request: 0.000112 seconds.
  path: Assets/Sprites/Health.png
  artifactKey: Guid(c185656102584214b88aeed54fc2c03b) Importer(815301076,1909f56bfc062723c751e8b465ee728b)
Start importing Assets/Sprites/Health.png using Guid(c185656102584214b88aeed54fc2c03b) Importer(815301076,1909f56bfc062723c751e8b465ee728b)  -> (artifact id: '478c5817f1bbc28d1d3e78b632d43b3c') in 0.009628 seconds 
========================================================================
Received Import Request.
  Time since last request: 0.000038 seconds.
  path: Assets/Sprites/Zombie Wallpapers 5.jpg
  artifactKey: Guid(98d7590fb4e74b94fb337cced5890a27) Importer(815301076,1909f56bfc062723c751e8b465ee728b)
Start importing Assets/Sprites/Zombie Wallpapers 5.jpg using Guid(98d7590fb4e74b94fb337cced5890a27) Importer(815301076,1909f56bfc062723c751e8b465ee728b)  -> (artifact id: '55f7bea6fa84df7b20d3386722d549fe') in 0.014834 seconds 
========================================================================
Received Import Request.
  Time since last request: 0.000017 seconds.
  path: Assets/Sprites/MainMenu1.PNG
  artifactKey: Guid(a0e56b799ccf2ea4e99df920644828f8) Importer(815301076,1909f56bfc062723c751e8b465ee728b)
Start importing Assets/Sprites/MainMenu1.PNG using Guid(a0e56b799ccf2ea4e99df920644828f8) Importer(815301076,1909f56bfc062723c751e8b465ee728b)  -> (artifact id: '0ab81630c4346324e46aa146991e6244') in 0.014126 seconds 
========================================================================
Received Import Request.
  Time since last request: 0.000025 seconds.
  path: Assets/Sprites/Rifle.png
  artifactKey: Guid(9e501f9de83cdd6419d27f806795185e) Importer(815301076,1909f56bfc062723c751e8b465ee728b)
Start importing Assets/Sprites/Rifle.png using Guid(9e501f9de83cdd6419d27f806795185e) Importer(815301076,1909f56bfc062723c751e8b465ee728b)  -> (artifact id: 'a5919339f082920a34763c80efc61be4') in 0.009443 seconds 
========================================================================
Received Import Request.
  Time since last request: 0.000025 seconds.
  path: Assets/Sprites/MainMenu.PNG
  artifactKey: Guid(f1b1f295b3d335e4393944d3daa82d49) Importer(815301076,1909f56bfc062723c751e8b465ee728b)
Start importing Assets/Sprites/MainMenu.PNG using Guid(f1b1f295b3d335e4393944d3daa82d49) Importer(815301076,1909f56bfc062723c751e8b465ee728b)  -> (artifact id: '6441cbb72726dd78a2fe210a261a9dfe') in 0.011335 seconds 
========================================================================
Received Import Request.
  Time since last request: 110.891485 seconds.
  path: Assets/Sprites/Rifle.png
  artifactKey: Guid(9e501f9de83cdd6419d27f806795185e) Importer(815301076,1909f56bfc062723c751e8b465ee728b)
Start importing Assets/Sprites/Rifle.png using Guid(9e501f9de83cdd6419d27f806795185e) Importer(815301076,1909f56bfc062723c751e8b465ee728b)  -> (artifact id: '91a7d6140935b06f4195c3bfee26bbc3') in 0.068162 seconds 
========================================================================
Received Import Request.
  Time since last request: 0.000052 seconds.
  path: Assets/Sprites/Player2.png
  artifactKey: Guid(2f3e64c1c3a1dc8429e5a928dbd7483c) Importer(815301076,1909f56bfc062723c751e8b465ee728b)
Start importing Assets/Sprites/Player2.png using Guid(2f3e64c1c3a1dc8429e5a928dbd7483c) Importer(815301076,1909f56bfc062723c751e8b465ee728b)  -> (artifact id: 'd277fc5cde07a5bfc676005c3bbbea40') in 0.042373 seconds 
========================================================================
Received Import Request.
  Time since last request: 0.000084 seconds.
  path: Assets/Sprites/Player3.png
  artifactKey: Guid(4349065c708891448b3fe18512eaadf7) Importer(815301076,1909f56bfc062723c751e8b465ee728b)
Start importing Assets/Sprites/Player3.png using Guid(4349065c708891448b3fe18512eaadf7) Importer(815301076,1909f56bfc062723c751e8b465ee728b)  -> (artifact id: '0d3c3befc93e78820682b9d30c10fcf2') in 0.038182 seconds 
========================================================================
Received Import Request.
  Time since last request: 0.000032 seconds.
  path: Assets/Sprites/Player1.png
  artifactKey: Guid(03b2e5177a3c82b438e41a27c1071f4e) Importer(815301076,1909f56bfc062723c751e8b465ee728b)
Start importing Assets/Sprites/Player1.png using Guid(03b2e5177a3c82b438e41a27c1071f4e) Importer(815301076,1909f56bfc062723c751e8b465ee728b)  -> (artifact id: 'a6559e4ffbe0a686d381b9443f8c84c9') in 0.040800 seconds 
========================================================================
Received Import Request.
  Time since last request: 0.000030 seconds.
  path: Assets/Sprites/Magazine.png
  artifactKey: Guid(bf3dd5036ab416f4aa0aa66344791ee4) Importer(815301076,1909f56bfc062723c751e8b465ee728b)
Start importing Assets/Sprites/Magazine.png using Guid(bf3dd5036ab416f4aa0aa66344791ee4) Importer(815301076,1909f56bfc062723c751e8b465ee728b)  -> (artifact id: '4eb5653f0c4917c27f3aabf85ebbf079') in 0.043033 seconds 
========================================================================
Received Import Request.
  Time since last request: 0.000046 seconds.
  path: Assets/Sprites/Health.png
  artifactKey: Guid(c185656102584214b88aeed54fc2c03b) Importer(815301076,1909f56bfc062723c751e8b465ee728b)
Start importing Assets/Sprites/Health.png using Guid(c185656102584214b88aeed54fc2c03b) Importer(815301076,1909f56bfc062723c751e8b465ee728b)  -> (artifact id: '27e481784751dee4686bc318bf2ebf26') in 0.028852 seconds 
========================================================================
Received Import Request.
  Time since last request: 39.501781 seconds.
  path: Assets/Sprites/MainMenu.PNG
  artifactKey: Guid(f1b1f295b3d335e4393944d3daa82d49) Importer(815301076,1909f56bfc062723c751e8b465ee728b)
Start importing Assets/Sprites/MainMenu.PNG using Guid(f1b1f295b3d335e4393944d3daa82d49) Importer(815301076,1909f56bfc062723c751e8b465ee728b)  -> (artifact id: '28ef7d9f00ead075875010bb9d9656bf') in 0.226876 seconds 
========================================================================
Received Import Request.
  Time since last request: 0.000024 seconds.
  path: Assets/Sprites/MainMenu1.PNG
  artifactKey: Guid(a0e56b799ccf2ea4e99df920644828f8) Importer(815301076,1909f56bfc062723c751e8b465ee728b)
Start importing Assets/Sprites/MainMenu1.PNG using Guid(a0e56b799ccf2ea4e99df920644828f8) Importer(815301076,1909f56bfc062723c751e8b465ee728b)  -> (artifact id: '0df5b86b62169c48479b8e7dd7981757') in 0.161797 seconds 
========================================================================
Received Import Request.
  Time since last request: 16.062047 seconds.
  path: Assets/Sprites/Crosshairs
  artifactKey: Guid(35ee7a839fe8d434080858e16b72034f) Importer(815301076,1909f56bfc062723c751e8b465ee728b)
Start importing Assets/Sprites/Crosshairs using Guid(35ee7a839fe8d434080858e16b72034f) Importer(815301076,1909f56bfc062723c751e8b465ee728b)  -> (artifact id: 'c5c8e9c6f8596bd156ae521fc55e151f') in 0.002152 seconds 
========================================================================
Received Import Request.
  Time since last request: 0.283238 seconds.
  path: Assets/Sprites/Crosshairs/crosshair001.png
  artifactKey: Guid(859a05d616ed1b449a4fd0b67c7ff2b8) Importer(815301076,1909f56bfc062723c751e8b465ee728b)
Start importing Assets/Sprites/Crosshairs/crosshair001.png using Guid(859a05d616ed1b449a4fd0b67c7ff2b8) Importer(815301076,1909f56bfc062723c751e8b465ee728b)  -> (artifact id: '529123709b0f3dfbc7c5b0efb69446b1') in 0.010922 seconds 
========================================================================
Received Import Request.
  Time since last request: 0.000018 seconds.
  path: Assets/Sprites/Crosshairs/crosshair016.png
  artifactKey: Guid(d2c079c4eab4ac14a8b914f64248532a) Importer(815301076,1909f56bfc062723c751e8b465ee728b)
Start importing Assets/Sprites/Crosshairs/crosshair016.png using Guid(d2c079c4eab4ac14a8b914f64248532a) Importer(815301076,1909f56bfc062723c751e8b465ee728b)  -> (artifact id: 'c75cede1cc7c507fba2dd6b350a1c3b0') in 0.013104 seconds 
========================================================================
Received Import Request.
  Time since last request: 0.000027 seconds.
  path: Assets/Sprites/Crosshairs/crosshair021.png
  artifactKey: Guid(ab3d5c380c27a0b44b4b801ff007120e) Importer(815301076,1909f56bfc062723c751e8b465ee728b)
Start importing Assets/Sprites/Crosshairs/crosshair021.png using Guid(ab3d5c380c27a0b44b4b801ff007120e) Importer(815301076,1909f56bfc062723c751e8b465ee728b)  -> (artifact id: '095c6d321ac9db8c111bbaeb2bc8225a') in 0.012893 seconds 
========================================================================
Received Import Request.
  Time since last request: 0.000032 seconds.
  path: Assets/Sprites/Crosshairs/crosshair029.png
  artifactKey: Guid(aebd0580692dda34d872e0aec86f7880) Importer(815301076,1909f56bfc062723c751e8b465ee728b)
Start importing Assets/Sprites/Crosshairs/crosshair029.png using Guid(aebd0580692dda34d872e0aec86f7880) Importer(815301076,1909f56bfc062723c751e8b465ee728b)  -> (artifact id: '7a17f7a9bd69427839206a532ad2e759') in 0.011664 seconds 
========================================================================
Received Import Request.
  Time since last request: 0.000027 seconds.
  path: Assets/Sprites/Crosshairs/crosshair026.png
  artifactKey: Guid(93bbfdb2d086db645a7e1322ea7aec6d) Importer(815301076,1909f56bfc062723c751e8b465ee728b)
Start importing Assets/Sprites/Crosshairs/crosshair026.png using Guid(93bbfdb2d086db645a7e1322ea7aec6d) Importer(815301076,1909f56bfc062723c751e8b465ee728b)  -> (artifact id: 'cca22108904405b0516c4579e2e5e69d') in 0.013096 seconds 
========================================================================
Received Import Request.
  Time since last request: 0.000025 seconds.
  path: Assets/Sprites/Crosshairs/crosshair008.png
  artifactKey: Guid(dd05d4892feacb04fa41b15a0c976b57) Importer(815301076,1909f56bfc062723c751e8b465ee728b)
Start importing Assets/Sprites/Crosshairs/crosshair008.png using Guid(dd05d4892feacb04fa41b15a0c976b57) Importer(815301076,1909f56bfc062723c751e8b465ee728b)  -> (artifact id: '973dd55c925a9f2bea1b00a8795c45ad') in 0.013257 seconds 
========================================================================
Received Import Request.
  Time since last request: 0.000022 seconds.
  path: Assets/Sprites/Crosshairs/crosshair009.png
  artifactKey: Guid(81c89d91d779958438b9f5440a569648) Importer(815301076,1909f56bfc062723c751e8b465ee728b)
Start importing Assets/Sprites/Crosshairs/crosshair009.png using Guid(81c89d91d779958438b9f5440a569648) Importer(815301076,1909f56bfc062723c751e8b465ee728b)  -> (artifact id: '4ef18ad1e7d2fa981fc0780f495e5060') in 0.013206 seconds 
========================================================================
Received Import Request.
  Time since last request: 0.000108 seconds.
  path: Assets/Sprites/Crosshairs/crosshair013.png
  artifactKey: Guid(1d35507e91ebec842b0e40fd8bd11aac) Importer(815301076,1909f56bfc062723c751e8b465ee728b)
Start importing Assets/Sprites/Crosshairs/crosshair013.png using Guid(1d35507e91ebec842b0e40fd8bd11aac) Importer(815301076,1909f56bfc062723c751e8b465ee728b)  -> (artifact id: 'e2cb2b0c47259fa64cd3e2982e5364c3') in 0.013353 seconds 
========================================================================
Received Import Request.
  Time since last request: 0.000033 seconds.
  path: Assets/Sprites/Crosshairs/crosshair005.png
  artifactKey: Guid(771bc6db47ec0694bb6d20fe699e0fef) Importer(815301076,1909f56bfc062723c751e8b465ee728b)
Start importing Assets/Sprites/Crosshairs/crosshair005.png using Guid(771bc6db47ec0694bb6d20fe699e0fef) Importer(815301076,1909f56bfc062723c751e8b465ee728b)  -> (artifact id: '6a42bfadef67dde1f7f53cf6b69676a5') in 0.011966 seconds 
========================================================================
Received Import Request.
  Time since last request: 0.000092 seconds.
  path: Assets/Sprites/Crosshairs/crosshair040.png
  artifactKey: Guid(d18fcd8700bf836419dafd760e748e4b) Importer(815301076,1909f56bfc062723c751e8b465ee728b)
Start importing Assets/Sprites/Crosshairs/crosshair040.png using Guid(d18fcd8700bf836419dafd760e748e4b) Importer(815301076,1909f56bfc062723c751e8b465ee728b)  -> (artifact id: '6fa6e55b3e1018aec726d6630f96c0e5') in 0.013456 seconds 
========================================================================
Received Import Request.
  Time since last request: 0.000029 seconds.
  path: Assets/Sprites/Crosshairs/crosshair002.png
  artifactKey: Guid(a90290b93d701364087e9d48bf0ea37d) Importer(815301076,1909f56bfc062723c751e8b465ee728b)
Start importing Assets/Sprites/Crosshairs/crosshair002.png using Guid(a90290b93d701364087e9d48bf0ea37d) Importer(815301076,1909f56bfc062723c751e8b465ee728b)  -> (artifact id: '5cf0c59144c5f54fd20177422a1b9d1c') in 0.014887 seconds 
========================================================================
Received Import Request.
  Time since last request: 0.000027 seconds.
  path: Assets/Sprites/Crosshairs/crosshair003.png
  artifactKey: Guid(0a4aa5fb5045e0a4eab9c45ff3cc84d5) Importer(815301076,1909f56bfc062723c751e8b465ee728b)
Start importing Assets/Sprites/Crosshairs/crosshair003.png using Guid(0a4aa5fb5045e0a4eab9c45ff3cc84d5) Importer(815301076,1909f56bfc062723c751e8b465ee728b)  -> (artifact id: '277b6c6aa242971922aa5a36fe19d4ab') in 0.013560 seconds 
========================================================================
Received Import Request.
  Time since last request: 0.000049 seconds.
  path: Assets/Sprites/Crosshairs/crosshair025.png
  artifactKey: Guid(ec2a7f9178a00f041a3164e31713e888) Importer(815301076,1909f56bfc062723c751e8b465ee728b)
Start importing Assets/Sprites/Crosshairs/crosshair025.png using Guid(ec2a7f9178a00f041a3164e31713e888) Importer(815301076,1909f56bfc062723c751e8b465ee728b)  -> (artifact id: '4d1cfc285b8d3187054c102b3d526fca') in 0.013190 seconds 
========================================================================
Received Import Request.
  Time since last request: 0.000696 seconds.
  path: Assets/Sprites/Crosshairs/crosshair023.png
  artifactKey: Guid(5036a42352b41d44bab776eb7965c93d) Importer(815301076,1909f56bfc062723c751e8b465ee728b)
Start importing Assets/Sprites/Crosshairs/crosshair023.png using Guid(5036a42352b41d44bab776eb7965c93d) Importer(815301076,1909f56bfc062723c751e8b465ee728b)  -> (artifact id: '2c93bccf7f3b99784de9379c042a967b') in 0.012229 seconds 
========================================================================
Received Import Request.
  Time since last request: 0.000033 seconds.
  path: Assets/Sprites/Crosshairs/crosshair030.png
  artifactKey: Guid(a048b7e299b632a408bbdcd2f2258618) Importer(815301076,1909f56bfc062723c751e8b465ee728b)
Start importing Assets/Sprites/Crosshairs/crosshair030.png using Guid(a048b7e299b632a408bbdcd2f2258618) Importer(815301076,1909f56bfc062723c751e8b465ee728b)  -> (artifact id: '3177a7aba9c4e99f123ca304558912a7') in 0.014915 seconds 
========================================================================
Received Import Request.
  Time since last request: 0.000035 seconds.
  path: Assets/Sprites/Crosshairs/crosshair007.png
  artifactKey: Guid(38b443e624c88dc459be7a74e384b79d) Importer(815301076,1909f56bfc062723c751e8b465ee728b)
Start importing Assets/Sprites/Crosshairs/crosshair007.png using Guid(38b443e624c88dc459be7a74e384b79d) Importer(815301076,1909f56bfc062723c751e8b465ee728b)  -> (artifact id: 'e07f86ec414cef3684b53b4d9d62572f') in 0.012775 seconds 
========================================================================
Received Import Request.
  Time since last request: 0.000025 seconds.
  path: Assets/Sprites/Crosshairs/crosshair041.png
  artifactKey: Guid(9d3d107961ba45947897d943fe082e28) Importer(815301076,1909f56bfc062723c751e8b465ee728b)
Start importing Assets/Sprites/Crosshairs/crosshair041.png using Guid(9d3d107961ba45947897d943fe082e28) Importer(815301076,1909f56bfc062723c751e8b465ee728b)  -> (artifact id: '75d07c3091c11c74950de76cfc71ab04') in 0.010082 seconds 
========================================================================
Received Import Request.
  Time since last request: 0.000045 seconds.
  path: Assets/Sprites/Crosshairs/crosshair037.png
  artifactKey: Guid(bfd3ec8260c27474f982243e8f86fa68) Importer(815301076,1909f56bfc062723c751e8b465ee728b)
Start importing Assets/Sprites/Crosshairs/crosshair037.png using Guid(bfd3ec8260c27474f982243e8f86fa68) Importer(815301076,1909f56bfc062723c751e8b465ee728b)  -> (artifact id: '0b709a25795da391bb145581fa2639cd') in 0.015463 seconds 
========================================================================
Received Import Request.
  Time since last request: 0.000027 seconds.
  path: Assets/Sprites/Crosshairs/crosshair039.png
  artifactKey: Guid(7192baf60c3792c4e975ac55a83e365f) Importer(815301076,1909f56bfc062723c751e8b465ee728b)
Start importing Assets/Sprites/Crosshairs/crosshair039.png using Guid(7192baf60c3792c4e975ac55a83e365f) Importer(815301076,1909f56bfc062723c751e8b465ee728b)  -> (artifact id: '838cbfdede84b643ef3ee23791557b81') in 0.013382 seconds 
========================================================================
Received Import Request.
  Time since last request: 0.000028 seconds.
  path: Assets/Sprites/Crosshairs/crosshair036.png
  artifactKey: Guid(98a180cc78d4f2543b12f20d9e876370) Importer(815301076,1909f56bfc062723c751e8b465ee728b)
Start importing Assets/Sprites/Crosshairs/crosshair036.png using Guid(98a180cc78d4f2543b12f20d9e876370) Importer(815301076,1909f56bfc062723c751e8b465ee728b)  -> (artifact id: '5cb5eba8e7123e53fa3c3f41f49e8d43') in 0.010656 seconds 
========================================================================
Received Import Request.
  Time since last request: 0.000052 seconds.
  path: Assets/Sprites/Crosshairs/crosshair028.png
  artifactKey: Guid(7a06489e7e902a74c89fe300ec724113) Importer(815301076,1909f56bfc062723c751e8b465ee728b)
Start importing Assets/Sprites/Crosshairs/crosshair028.png using Guid(7a06489e7e902a74c89fe300ec724113) Importer(815301076,1909f56bfc062723c751e8b465ee728b)  -> (artifact id: '12e8951314bb3dc6b0bac795b0acb953') in 0.014846 seconds 
========================================================================
Received Import Request.
  Time since last request: 0.000035 seconds.
  path: Assets/Sprites/Crosshairs/crosshair012.png
  artifactKey: Guid(ffd2c6d24e331e54e8448617adfa3889) Importer(815301076,1909f56bfc062723c751e8b465ee728b)
Start importing Assets/Sprites/Crosshairs/crosshair012.png using Guid(ffd2c6d24e331e54e8448617adfa3889) Importer(815301076,1909f56bfc062723c751e8b465ee728b)  -> (artifact id: '71aa9acb364dabfb899b7bd3e2ef6a77') in 0.015102 seconds 
========================================================================
Received Import Request.
  Time since last request: 0.000021 seconds.
  path: Assets/Sprites/Crosshairs/crosshair020.png
  artifactKey: Guid(228f2257486d0764ab996be6040a8de9) Importer(815301076,1909f56bfc062723c751e8b465ee728b)
Start importing Assets/Sprites/Crosshairs/crosshair020.png using Guid(228f2257486d0764ab996be6040a8de9) Importer(815301076,1909f56bfc062723c751e8b465ee728b)  -> (artifact id: '3f568a3c4752334b75fdf8a35e5d3cbf') in 0.017044 seconds 
========================================================================
Received Import Request.
  Time since last request: 0.000028 seconds.
  path: Assets/Sprites/Crosshairs/crosshair031.png
  artifactKey: Guid(ffb13b906f9cec449920c9355cb205fb) Importer(815301076,1909f56bfc062723c751e8b465ee728b)
Start importing Assets/Sprites/Crosshairs/crosshair031.png using Guid(ffb13b906f9cec449920c9355cb205fb) Importer(815301076,1909f56bfc062723c751e8b465ee728b)  -> (artifact id: '802aa476ff406bc5d03fd02c10e8c0b4') in 0.015195 seconds 
========================================================================
Received Import Request.
  Time since last request: 0.000030 seconds.
  path: Assets/Sprites/Crosshairs/crosshair033.png
  artifactKey: Guid(56d6dbd1b28f9b74dae3fb5a68334840) Importer(815301076,1909f56bfc062723c751e8b465ee728b)
Start importing Assets/Sprites/Crosshairs/crosshair033.png using Guid(56d6dbd1b28f9b74dae3fb5a68334840) Importer(815301076,1909f56bfc062723c751e8b465ee728b)  -> (artifact id: 'c6bd96cafd11bf81cf554d7d3ff6495c') in 0.014562 seconds 
========================================================================
Received Import Request.
  Time since last request: 0.000021 seconds.
  path: Assets/Sprites/Crosshairs/crosshair014.png
  artifactKey: Guid(a2339550382ddfb4496bad5a43410a20) Importer(815301076,1909f56bfc062723c751e8b465ee728b)
Start importing Assets/Sprites/Crosshairs/crosshair014.png using Guid(a2339550382ddfb4496bad5a43410a20) Importer(815301076,1909f56bfc062723c751e8b465ee728b)  -> (artifact id: 'b07064eb78c2bd3ee3da8132b1f39bee') in 0.011992 seconds 
========================================================================
Received Import Request.
  Time since last request: 0.000028 seconds.
  path: Assets/Sprites/Crosshairs/crosshair035.png
  artifactKey: Guid(b3cdb667c7616d640a004df65ebd035c) Importer(815301076,1909f56bfc062723c751e8b465ee728b)
Start importing Assets/Sprites/Crosshairs/crosshair035.png using Guid(b3cdb667c7616d640a004df65ebd035c) Importer(815301076,1909f56bfc062723c751e8b465ee728b)  -> (artifact id: 'a4bbe0c1e08ce74cce759445cb12ac45') in 0.015142 seconds 
========================================================================
Received Import Request.
  Time since last request: 0.000039 seconds.
  path: Assets/Sprites/Crosshairs/crosshair032.png
  artifactKey: Guid(6f90084762b05554b86fc1eb77004f88) Importer(815301076,1909f56bfc062723c751e8b465ee728b)
Start importing Assets/Sprites/Crosshairs/crosshair032.png using Guid(6f90084762b05554b86fc1eb77004f88) Importer(815301076,1909f56bfc062723c751e8b465ee728b)  -> (artifact id: '6dfdb2ab67f40eebfd2a838c30251a28') in 0.013130 seconds 
========================================================================
Received Import Request.
  Time since last request: 0.000035 seconds.
  path: Assets/Sprites/Crosshairs/crosshair034.png
  artifactKey: Guid(537571f2787f68b4cb192b0adb2795b7) Importer(815301076,1909f56bfc062723c751e8b465ee728b)
Start importing Assets/Sprites/Crosshairs/crosshair034.png using Guid(537571f2787f68b4cb192b0adb2795b7) Importer(815301076,1909f56bfc062723c751e8b465ee728b)  -> (artifact id: '7cb89537b4eb4de0d639fb146c4d02ac') in 0.011516 seconds 
========================================================================
Received Import Request.
  Time since last request: 0.000018 seconds.
  path: Assets/Sprites/Crosshairs/crosshair038.png
  artifactKey: Guid(78a83273a5509db40959f6c4f2eea4e2) Importer(815301076,1909f56bfc062723c751e8b465ee728b)
Start importing Assets/Sprites/Crosshairs/crosshair038.png using Guid(78a83273a5509db40959f6c4f2eea4e2) Importer(815301076,1909f56bfc062723c751e8b465ee728b)  -> (artifact id: '6dac95826e98663f25d1b5360e7cd867') in 0.014028 seconds 
========================================================================
Received Import Request.
  Time since last request: 0.000040 seconds.
  path: Assets/Sprites/Crosshairs/crosshair017.png
  artifactKey: Guid(2974d642cc93dd24a9039a64e2927325) Importer(815301076,1909f56bfc062723c751e8b465ee728b)
Start importing Assets/Sprites/Crosshairs/crosshair017.png using Guid(2974d642cc93dd24a9039a64e2927325) Importer(815301076,1909f56bfc062723c751e8b465ee728b)  -> (artifact id: '393ea0bdbe88c40fdffbfd248a32858e') in 0.013129 seconds 
========================================================================
Received Import Request.
  Time since last request: 0.000044 seconds.
  path: Assets/Sprites/Crosshairs/crosshair018.png
  artifactKey: Guid(4da3e140ddf2e7e4baf56f87ca4e0c2f) Importer(815301076,1909f56bfc062723c751e8b465ee728b)
Start importing Assets/Sprites/Crosshairs/crosshair018.png using Guid(4da3e140ddf2e7e4baf56f87ca4e0c2f) Importer(815301076,1909f56bfc062723c751e8b465ee728b)  -> (artifact id: '17e02e644c00023bfd3b2eabf922713c') in 0.014415 seconds 
========================================================================
Received Import Request.
  Time since last request: 0.000027 seconds.
  path: Assets/Sprites/Crosshairs/crosshair022.png
  artifactKey: Guid(7e9dbde3fb5f29846a009b385af8aa28) Importer(815301076,1909f56bfc062723c751e8b465ee728b)
Start importing Assets/Sprites/Crosshairs/crosshair022.png using Guid(7e9dbde3fb5f29846a009b385af8aa28) Importer(815301076,1909f56bfc062723c751e8b465ee728b)  -> (artifact id: '13ee3e0f36bec2568fc5ff666c2f5222') in 0.013006 seconds 
========================================================================
Received Import Request.
  Time since last request: 0.000023 seconds.
  path: Assets/Sprites/Crosshairs/crosshair006.png
  artifactKey: Guid(e492f66162eae38439e19b9ad64e9c28) Importer(815301076,1909f56bfc062723c751e8b465ee728b)
Start importing Assets/Sprites/Crosshairs/crosshair006.png using Guid(e492f66162eae38439e19b9ad64e9c28) Importer(815301076,1909f56bfc062723c751e8b465ee728b)  -> (artifact id: '52119b018b9aba37733fbb3b6310ad83') in 0.012684 seconds 
========================================================================
Received Import Request.
  Time since last request: 0.000049 seconds.
  path: Assets/Sprites/Crosshairs/crosshair004.png
  artifactKey: Guid(ad13097262e0a0d468f7d89bd1c2da92) Importer(815301076,1909f56bfc062723c751e8b465ee728b)
Start importing Assets/Sprites/Crosshairs/crosshair004.png using Guid(ad13097262e0a0d468f7d89bd1c2da92) Importer(815301076,1909f56bfc062723c751e8b465ee728b)  -> (artifact id: 'a419a94c64e3c2c6d1f8015b4d5a28fc') in 0.013278 seconds 
========================================================================
Received Import Request.
  Time since last request: 0.000034 seconds.
  path: Assets/Sprites/Crosshairs/crosshair027.png
  artifactKey: Guid(42efd07f05d869247a7e39f7eae0553f) Importer(815301076,1909f56bfc062723c751e8b465ee728b)
Start importing Assets/Sprites/Crosshairs/crosshair027.png using Guid(42efd07f05d869247a7e39f7eae0553f) Importer(815301076,1909f56bfc062723c751e8b465ee728b)  -> (artifact id: 'f832ad2a5f3544b74cd1328b4b891cc7') in 0.014529 seconds 
========================================================================
Received Import Request.
  Time since last request: 0.000044 seconds.
  path: Assets/Sprites/Crosshairs/crosshair011.png
  artifactKey: Guid(898274c79573c7947979c3aa86fa6184) Importer(815301076,1909f56bfc062723c751e8b465ee728b)
Start importing Assets/Sprites/Crosshairs/crosshair011.png using Guid(898274c79573c7947979c3aa86fa6184) Importer(815301076,1909f56bfc062723c751e8b465ee728b)  -> (artifact id: '2160470c9162f479bea671eb86d3edb5') in 0.017237 seconds 
========================================================================
Received Import Request.
  Time since last request: 0.000028 seconds.
  path: Assets/Sprites/Crosshairs/crosshair019.png
  artifactKey: Guid(56826356a1da0d54eb84d4d22d71072d) Importer(815301076,1909f56bfc062723c751e8b465ee728b)
Start importing Assets/Sprites/Crosshairs/crosshair019.png using Guid(56826356a1da0d54eb84d4d22d71072d) Importer(815301076,1909f56bfc062723c751e8b465ee728b)  -> (artifact id: '0ae6f26de29f03b32ae611e74c9a30fa') in 0.015573 seconds 
========================================================================
Received Import Request.
  Time since last request: 0.000083 seconds.
  path: Assets/Sprites/Crosshairs/crosshair010.png
  artifactKey: Guid(3b9f9dad707e111428c5da20b6b2fde8) Importer(815301076,1909f56bfc062723c751e8b465ee728b)
Start importing Assets/Sprites/Crosshairs/crosshair010.png using Guid(3b9f9dad707e111428c5da20b6b2fde8) Importer(815301076,1909f56bfc062723c751e8b465ee728b)  -> (artifact id: 'ce6d8af5b4678ded671dc3b5c19d1ccb') in 0.013448 seconds 
========================================================================
Received Import Request.
  Time since last request: 0.000017 seconds.
  path: Assets/Sprites/Crosshairs/crosshair015.png
  artifactKey: Guid(8f865fb1caa2cf34bbb3fab1f4681b1c) Importer(815301076,1909f56bfc062723c751e8b465ee728b)
Start importing Assets/Sprites/Crosshairs/crosshair015.png using Guid(8f865fb1caa2cf34bbb3fab1f4681b1c) Importer(815301076,1909f56bfc062723c751e8b465ee728b)  -> (artifact id: '62ebb0b41efbb978bd8203d60ed9fd70') in 0.014167 seconds 
========================================================================
Received Import Request.
  Time since last request: 0.000032 seconds.
  path: Assets/Sprites/Crosshairs/crosshair024.png
  artifactKey: Guid(9bc1aa66e0187d54f850155fd7f63043) Importer(815301076,1909f56bfc062723c751e8b465ee728b)
Start importing Assets/Sprites/Crosshairs/crosshair024.png using Guid(9bc1aa66e0187d54f850155fd7f63043) Importer(815301076,1909f56bfc062723c751e8b465ee728b)  -> (artifact id: '1f33a54c56f81143da98fe7cece7ae07') in 0.013456 seconds 
========================================================================
Received Prepare
Registering precompiled user dll's ...
Registered in 0.004893 seconds.
Begin MonoManager ReloadAssembly
Symbol file LoadedFromMemory doesn't match image D:\Unity\project\Zombie Apocalypse 3D\Library\PackageCache\com.unity.visualscripting@1.8.0\Editor\VisualScripting.Core\Dependencies\YamlDotNet\Unity.VisualScripting.YamlDotNet.dll
Symbol file LoadedFromMemory doesn't match image D:\Unity\project\Zombie Apocalypse 3D\Library\PackageCache\com.unity.visualscripting@1.8.0\Editor\VisualScripting.Core\Dependencies\DotNetZip\Unity.VisualScripting.IonicZip.dll
Native extension for WindowsStandalone target not found
Refreshing native plugins compatible for Editor in 0.74 ms, found 3 plugins.
Preloading 0 native plugins for Editor in 0.00 ms.
Mono: successfully reloaded assembly
- Completed reload, in  1.418 seconds
Domain Reload Profiling:
	ReloadAssembly (1418ms)
		BeginReloadAssembly (186ms)
			ExecutionOrderSort (0ms)
			DisableScriptedObjects (5ms)
			BackupInstance (0ms)
			ReleaseScriptingObjects (0ms)
			CreateAndSetChildDomain (51ms)
		EndReloadAssembly (1106ms)
			LoadAssemblies (126ms)
			RebuildTransferFunctionScriptingTraits (0ms)
			SetupTypeCache (467ms)
			ReleaseScriptCaches (2ms)
			RebuildScriptCaches (56ms)
			SetupLoadedEditorAssemblies (414ms)
				LogAssemblyErrors (0ms)
				InitializePlatformSupportModulesInManaged (6ms)
				SetLoadedEditorAssemblies (1ms)
				RefreshPlugins (1ms)
				BeforeProcessingInitializeOnLoad (83ms)
				ProcessInitializeOnLoadAttributes (280ms)
				ProcessInitializeOnLoadMethodAttributes (37ms)
				AfterProcessingInitializeOnLoad (5ms)
				EditorAssembliesLoaded (0ms)
			ExecutionOrderSort2 (0ms)
			AwakeInstancesAfterBackupRestoration (9ms)
Platform modules already initialized, skipping
Refreshing native plugins compatible for Editor in 1.72 ms, found 3 plugins.
Preloading 0 native plugins for Editor in 0.00 ms.
Unloading 3160 Unused Serialized files (Serialized files now loaded: 0)
Unloading 55 unused Assets / (5.5 MB). Loaded Objects now: 3668.
Memory consumption went from 126.9 MB to 121.3 MB.
Total: 7.885900 ms (FindLiveObjects: 0.283200 ms CreateObjectMapping: 0.228700 ms MarkObjects: 4.705200 ms  DeleteObjects: 2.667500 ms)

AssetImportParameters requested are different than current active one (requested -> active):
  custom:video-decoder-ogg-theora: a1e56fd34408186e4bbccfd4996cb3dc -> 
  custom:container-muxer-webm: aa71ff27fc2769a1b78a27578f13a17b -> 
  custom:container-demuxer-webm: 4f35f7cbe854078d1ac9338744f61a02 -> 
  custom:video-encoder-webm-vp8: eb34c28f22e8b96e1ab97ce403110664 -> 
  custom:audio-encoder-webm-vorbis: bf7c407c2cedff20999df2af8eb42d56 -> 
  custom:framework-win-MediaFoundation: 216162199b28c13a410421893ffa2e32 -> 
  custom:container-demuxer-ogg: 62fdf1f143b41e24485cea50d1cbac27 -> 
  custom:video-decoder-webm-vp8: 9c59270c3fd7afecdb556c50c9e8de78 -> 
  custom:audio-decoder-ogg-vorbis: bf7c407c2cedff20999df2af8eb42d56 -> 
========================================================================
Received Import Request.
  Time since last request: 1233.191159 seconds.
  path: Assets/_TerrainAutoUpgrade/layer_GR_Asphalt1_ASGR_Asphalt1_Nd261c09ae55ba1e3.terrainlayer
  artifactKey: Guid(e972db101f1f97a40b885b9502ebcd26) Importer(815301076,1909f56bfc062723c751e8b465ee728b)
Start importing Assets/_TerrainAutoUpgrade/layer_GR_Asphalt1_ASGR_Asphalt1_Nd261c09ae55ba1e3.terrainlayer using Guid(e972db101f1f97a40b885b9502ebcd26) Importer(815301076,1909f56bfc062723c751e8b465ee728b)  -> (artifact id: '6db87a06340f47894f54f4382c1deab2') in 0.080179 seconds 
========================================================================
Received Import Request.
  Time since last request: 0.000026 seconds.
  path: Assets/_TerrainAutoUpgrade/layer_GR_Moss1_ASGR_Moss1_N3d1cca0d6d0e9938.terrainlayer
  artifactKey: Guid(ca7a92cbc6072c14d8616c2725cbfdf0) Importer(815301076,1909f56bfc062723c751e8b465ee728b)
Start importing Assets/_TerrainAutoUpgrade/layer_GR_Moss1_ASGR_Moss1_N3d1cca0d6d0e9938.terrainlayer using Guid(ca7a92cbc6072c14d8616c2725cbfdf0) Importer(815301076,1909f56bfc062723c751e8b465ee728b)  -> (artifact id: '83547097d9d69a9319e2dcfa6152a16e') in 0.028519 seconds 
========================================================================
Received Import Request.
  Time since last request: 0.000066 seconds.
  path: Assets/_TerrainAutoUpgrade/layer_GR_Dirt1_ASGR_Dirt1_N3d1cca0d6d0e9938.terrainlayer
  artifactKey: Guid(709d171968d91d54cb782d17b3a406be) Importer(815301076,1909f56bfc062723c751e8b465ee728b)
Start importing Assets/_TerrainAutoUpgrade/layer_GR_Dirt1_ASGR_Dirt1_N3d1cca0d6d0e9938.terrainlayer using Guid(709d171968d91d54cb782d17b3a406be) Importer(815301076,1909f56bfc062723c751e8b465ee728b)  -> (artifact id: '67a3fcb12d2e370424ded7a764ea03c4') in 0.030822 seconds 
========================================================================
Received Prepare
Couldn't register non-exiting asset root folder: 'Assets'
Assertion failed on expression: 'success'
Trying to reload asset but can't find object on disk
Trying to reload asset but can't find object on disk
Trying to reload asset but can't find object on disk
Trying to reload asset but can't find object on disk
Trying to reload asset but can't find object on disk
Trying to reload asset but can't find object on disk
Trying to reload asset but can't find object on disk
Trying to reload asset but can't find object on disk
Trying to reload asset but can't find object on disk
Trying to reload asset but can't find object on disk
Trying to reload asset but can't find object on disk
Trying to reload asset but can't find object on disk
Trying to reload asset but can't find object on disk
Trying to reload asset but can't find object on disk
Trying to reload asset but can't find object on disk
Trying to reload asset but can't find object on disk
Trying to reload asset but can't find object on disk
Trying to reload asset but can't find object on disk
Trying to reload asset but can't find object on disk
Registering precompiled user dll's ...
Registered in 0.003991 seconds.
Begin MonoManager ReloadAssembly
Symbol file LoadedFromMemory doesn't match image D:\Unity\project\Zombie Apocalypse 3D\Library\PackageCache\com.unity.visualscripting@1.8.0\Editor\VisualScripting.Core\Dependencies\YamlDotNet\Unity.VisualScripting.YamlDotNet.dll
Symbol file LoadedFromMemory doesn't match image D:\Unity\project\Zombie Apocalypse 3D\Library\PackageCache\com.unity.visualscripting@1.8.0\Editor\VisualScripting.Core\Dependencies\DotNetZip\Unity.VisualScripting.IonicZip.dll
Native extension for WindowsStandalone target not found
Refreshing native plugins compatible for Editor in 0.87 ms, found 3 plugins.
Preloading 0 native plugins for Editor in 0.00 ms.
Mono: successfully reloaded assembly
- Completed reload, in  1.341 seconds
Domain Reload Profiling:
	ReloadAssembly (1342ms)
		BeginReloadAssembly (198ms)
			ExecutionOrderSort (0ms)
			DisableScriptedObjects (7ms)
			BackupInstance (0ms)
			ReleaseScriptingObjects (0ms)
			CreateAndSetChildDomain (45ms)
		EndReloadAssembly (1023ms)
			LoadAssemblies (126ms)
			RebuildTransferFunctionScriptingTraits (0ms)
			SetupTypeCache (394ms)
			ReleaseScriptCaches (1ms)
			RebuildScriptCaches (73ms)
			SetupLoadedEditorAssemblies (356ms)
				LogAssemblyErrors (0ms)
				InitializePlatformSupportModulesInManaged (9ms)
				SetLoadedEditorAssemblies (1ms)
				RefreshPlugins (1ms)
				BeforeProcessingInitializeOnLoad (92ms)
				ProcessInitializeOnLoadAttributes (226ms)
				ProcessInitializeOnLoadMethodAttributes (23ms)
				AfterProcessingInitializeOnLoad (4ms)
				EditorAssembliesLoaded (0ms)
			ExecutionOrderSort2 (0ms)
			AwakeInstancesAfterBackupRestoration (9ms)
Platform modules already initialized, skipping
Refreshing native plugins compatible for Editor in 1.45 ms, found 3 plugins.
Preloading 0 native plugins for Editor in 0.00 ms.
Unloading 2913 Unused Serialized files (Serialized files now loaded: 0)
Unloading 64 unused Assets / (54.5 KB). Loaded Objects now: 3624.
Memory consumption went from 111.2 MB to 111.1 MB.
Total: 3.871500 ms (FindLiveObjects: 0.314400 ms CreateObjectMapping: 0.249200 ms MarkObjects: 3.201300 ms  DeleteObjects: 0.105300 ms)

AssetImportParameters requested are different than current active one (requested -> active):
  custom:video-decoder-ogg-theora: a1e56fd34408186e4bbccfd4996cb3dc -> 
  custom:container-muxer-webm: aa71ff27fc2769a1b78a27578f13a17b -> 
  custom:container-demuxer-webm: 4f35f7cbe854078d1ac9338744f61a02 -> 
  custom:video-encoder-webm-vp8: eb34c28f22e8b96e1ab97ce403110664 -> 
  custom:audio-encoder-webm-vorbis: bf7c407c2cedff20999df2af8eb42d56 -> 
  custom:framework-win-MediaFoundation: 216162199b28c13a410421893ffa2e32 -> 
  custom:container-demuxer-ogg: 62fdf1f143b41e24485cea50d1cbac27 -> 
  custom:video-decoder-webm-vp8: 9c59270c3fd7afecdb556c50c9e8de78 -> 
  custom:audio-decoder-ogg-vorbis: bf7c407c2cedff20999df2af8eb42d56 -> 
